Copyright 1986-2017 Xilinx, Inc. All Rights Reserved.
-------------------------------------------------------------------------------------------------------------------------------------------------
| Tool Version     : Vivado v.2017.2 (win64) Build 1909853 Thu Jun 15 18:39:09 MDT 2017
| Date             : Tue Sep 26 11:47:21 2017
| Host             : RM100B5 running 64-bit major release  (build 9200)
| Command          : report_power -file Exp1_Main_power_routed.rpt -pb Exp1_Main_power_summary_routed.pb -rpx Exp1_Main_power_routed.rpx
| Design           : Exp1_Main
| Device           : xc7a35tcpg236-1
| Design State     : routed
| Grade            : commercial
| Process          : typical
| Characterization : Production
-------------------------------------------------------------------------------------------------------------------------------------------------

Power Report

Table of Contents
-----------------
1. Summary
1.1 On-Chip Components
1.2 Power Supply Summary
1.3 Confidence Level
2. Settings
2.1 Environment
2.2 Clock Constraints
3. Detailed Reports
3.1 By Hierarchy

1. Summary
----------

+--------------------------+----------------------------------+
| Total On-Chip Power (W)  | 39.827 (Junction temp exceeded!) |
| Dynamic (W)              | 39.341                           |
| Device Static (W)        | 0.486                            |
| Effective TJA (C/W)      | 5.0                              |
| Max Ambient (C)          | 0.0                              |
| Junction Temperature (C) | 125.0                            |
| Confidence Level         | Low                              |
| Setting File             | ---                              |
| Simulation Activity File | ---                              |
| Design Nets Matched      | NA                               |
+--------------------------+----------------------------------+


1.1 On-Chip Components
----------------------

+--------------------------+-----------+----------+-----------+-----------------+
| On-Chip                  | Power (W) | Used     | Available | Utilization (%) |
+--------------------------+-----------+----------+-----------+-----------------+
| Slice Logic              |     4.325 |      854 |       --- |             --- |
|   LUT as Logic           |     3.942 |      545 |     20800 |            2.62 |
|   CARRY4                 |     0.328 |       84 |      8150 |            1.03 |
|   Register               |     0.038 |       97 |     41600 |            0.23 |
|   LUT as Distributed RAM |     0.011 |        8 |      9600 |            0.08 |
|   BUFG                   |     0.006 |        1 |        32 |            3.13 |
|   Others                 |     0.000 |       22 |       --- |             --- |
| Signals                  |     4.231 |      761 |       --- |             --- |
| I/O                      |    30.785 |       14 |       106 |           13.21 |
| Static Power             |     0.486 |          |           |                 |
| Total                    |    39.827 |          |           |                 |
+--------------------------+-----------+----------+-----------+-----------------+


1.2 Power Supply Summary
------------------------

+-----------+-------------+-----------+-------------+------------+
| Source    | Voltage (V) | Total (A) | Dynamic (A) | Static (A) |
+-----------+-------------+-----------+-------------+------------+
| Vccint    |       1.000 |     8.904 |       8.564 |      0.341 |
| Vccaux    |       1.800 |     1.181 |       1.128 |      0.053 |
| Vcco33    |       3.300 |     8.712 |       8.711 |      0.001 |
| Vcco25    |       2.500 |     0.000 |       0.000 |      0.000 |
| Vcco18    |       1.800 |     0.000 |       0.000 |      0.000 |
| Vcco15    |       1.500 |     0.000 |       0.000 |      0.000 |
| Vcco135   |       1.350 |     0.000 |       0.000 |      0.000 |
| Vcco12    |       1.200 |     0.000 |       0.000 |      0.000 |
| Vccaux_io |       1.800 |     0.000 |       0.000 |      0.000 |
| Vccbram   |       1.000 |     0.010 |       0.000 |      0.010 |
| MGTAVcc   |       1.000 |     0.000 |       0.000 |      0.000 |
| MGTAVtt   |       1.200 |     0.000 |       0.000 |      0.000 |
| Vccadc    |       1.800 |     0.020 |       0.000 |      0.020 |
+-----------+-------------+-----------+-------------+------------+


1.3 Confidence Level
--------------------

+-----------------------------+------------+--------------------------------------------------------+--------------------------------------------------------------------------------------------------------------------+
| User Input Data             | Confidence | Details                                                | Action                                                                                                             |
+-----------------------------+------------+--------------------------------------------------------+--------------------------------------------------------------------------------------------------------------------+
| Design implementation state | High       | Design is routed                                       |                                                                                                                    |
| Clock nodes activity        | Low        | User specified less than 75% of clocks                 | Provide missing clock activity with a constraint file, simulation results or by editing the "By Clock Domain" view |
| I/O nodes activity          | Low        | More than 75% of inputs are missing user specification | Provide missing input activity with simulation results or by editing the "By Resource Type -> I/Os" view           |
| Internal nodes activity     | Medium     | User specified less than 25% of internal nodes         | Provide missing internal nodes activity with simulation results or by editing the "By Resource Type" views         |
| Device models               | High       | Device models are Production                           |                                                                                                                    |
|                             |            |                                                        |                                                                                                                    |
| Overall confidence level    | Low        |                                                        |                                                                                                                    |
+-----------------------------+------------+--------------------------------------------------------+--------------------------------------------------------------------------------------------------------------------+


2. Settings
-----------

2.1 Environment
---------------

+-----------------------+--------------------------+
| Ambient Temp (C)      | 25.0                     |
| ThetaJA (C/W)         | 5.0                      |
| Airflow (LFM)         | 250                      |
| Heat Sink             | medium (Medium Profile)  |
| ThetaSA (C/W)         | 4.6                      |
| Board Selection       | medium (10"x10")         |
| # of Board Layers     | 12to15 (12 to 15 Layers) |
| Board Temperature (C) | 25.0                     |
+-----------------------+--------------------------+


2.2 Clock Constraints
---------------------

+-------+--------+-----------------+
| Clock | Domain | Constraint (ns) |
+-------+--------+-----------------+


3. Detailed Reports
-------------------

3.1 By Hierarchy
----------------

+-------------------------+-----------+
| Name                    | Power (W) |
+-------------------------+-----------+
| Exp1_Main               |    39.341 |
|   CLK_SLOW              |     0.166 |
|   COMPARATOR            |     0.007 |
|   COUNTER0              |     0.123 |
|   COUNTER1              |     0.003 |
|   FSM1                  |     0.386 |
|   RAM                   |     0.676 |
|     MY_RAM_reg_0_15_0_0 |    <0.001 |
|     MY_RAM_reg_0_15_1_1 |     0.014 |
|     MY_RAM_reg_0_15_2_2 |     0.018 |
|     MY_RAM_reg_0_15_3_3 |     0.043 |
|     MY_RAM_reg_0_15_4_4 |     0.029 |
|     MY_RAM_reg_0_15_5_5 |     0.007 |
|     MY_RAM_reg_0_15_6_6 |    <0.001 |
|     MY_RAM_reg_0_15_7_7 |    <0.001 |
|   REG0                  |     0.031 |
|   REG1                  |     0.077 |
|   SSEG_DISPLAY          |     7.065 |
|     my_clk              |     0.171 |
|     my_conv1            |     6.636 |
+-------------------------+-----------+


