#-----------------------------------------------------------
# Vivado v2017.2 (64-bit)
# SW Build 1909853 on Thu Jun 15 18:39:09 MDT 2017
# IP Build 1909766 on Thu Jun 15 19:58:00 MDT 2017
# Start of session at: Tue Oct 10 23:43:21 2017
# Process ID: 16932
# Current directory: C:/Users/oousterm/Documents/GitHub/CPE-233/WOW/CPE_233_Olive and Andrew
# Command line: vivado.exe -gui_launcher_event rodinguilauncherevent5772 C:\Users\oousterm\Documents\GitHub\CPE-233\WOW\CPE_233_Olive and Andrew\CPE_233_Olive and Andrew.xpr
# Log file: C:/Users/oousterm/Documents/GitHub/CPE-233/WOW/CPE_233_Olive and Andrew/vivado.log
# Journal file: C:/Users/oousterm/Documents/GitHub/CPE-233/WOW/CPE_233_Olive and Andrew\vivado.jou
#-----------------------------------------------------------
start_gui
open_project {C:/Users/oousterm/Documents/GitHub/CPE-233/WOW/CPE_233_Olive and Andrew/CPE_233_Olive and Andrew.xpr}
INFO: [Project 1-313] Project file moved from 'C:/Users/oousterm/Desktop/CPE_233_Olive and Andrew' since last save.
Scanning sources...
Finished scanning sources
INFO: [IP_Flow 19-234] Refreshing IP repositories
INFO: [IP_Flow 19-1704] No user IP repositories specified
INFO: [IP_Flow 19-2313] Loaded Vivado IP repository 'C:/Xilinx/Vivado/2017.2/data/ip'.
update_compile_order -fileset sources_1
exit
INFO: [Common 17-206] Exiting Vivado at Wed Oct 11 04:23:12 2017...
