Unable to capture context for thread 9824 in process 16768, can not generate back trace
Exception at PC 0x00007FFF7D41BB93
Printing stacktrace...

[0]  [0x00007FFF7D41BB93]
[1]  [0x00007FFF7D41BB93]
[2]  [0x00007FFF7D41B4A1]
[3]  [0x00007FFF7D41B3EF]
[4]  [0x00007FFF7D4019FE]
[5]  [0x00007FFF7D400ED1]
[6]  [0x00007FFF7D400D76]
[7]  [0x00007FFF7D3A79F6]
[8]  [0x00007FFF7D397AFB]
[9]  [0x00007FFF7D4BE90A]
[10]  [0x00007FFF7D4D9F87]
[11]  [0x00007FFF7D4DA05F]
[12] (BaseThreadInitThunk+0x14) [0x00007FFFB80D2774]
[13] (RtlUserThreadStart+0x21) [0x00007FFFB8B50D51]
Done
Exception at PC 0x00007FFF7D121A52
Attemped to write at address 0x00007FFF7DC5ABA4
Printing stacktrace...

[0]  [0x00007FFF7D121A52]
[1]  [0x00007FFF7D121A52]
[2]  [0x00007FFF7D121AD4]
[3]  [0x00007FFF7D263FF7]
[4]  [0x00007FFF7D149128]
[5]  [0x00007FFF7D3FDFB9]
[6]  [0x00007FFF7D5CEF23]
[7]  [0x00007FFF7D4DB06B]
[8]  [0x00007FFF7D4D08AF]
[9]  [0x00007FFF7D4D0A32]
[10] (RtlDeactivateActivationContextUnsafeFast+0x1af) [0x00007FFFB8B0485F]
[11] (LdrShutdownProcess+0x12c) [0x00007FFFB8B2D43C]
[12] (RtlExitUserProcess+0xb4) [0x00007FFFB8B2D2F4]
[13] (FatalExit+0xa) [0x00007FFFB80DC0DA]
[14] (exit+0x75) [0x00007FFFB628A045]
[15] (initterm_e+0x21d) [0x00007FFFB628A68D]
[16]  [0x00000000004014CD]
[17]  [0x000000000040151B]
[18] (BaseThreadInitThunk+0x14) [0x00007FFFB80D2774]
[19] (RtlUserThreadStart+0x21) [0x00007FFFB8B50D51]
Done
