Unable to capture context for thread 16172 in process 4408, can not generate back trace
Unable to capture context for thread 14400 in process 4408, can not generate back trace
Unable to capture context for thread 8076 in process 4408, can not generate back trace
Exception at PC 0x00007FFAB7ADBB93
Printing stacktrace...

[0]  [0x00007FFAB7ADBB93]
[1]  [0x00007FFAB7ADBB93]
[2]  [0x00007FFAB7ADB4A1]
[3]  [0x00007FFAB7ADB3EF]
[4]  [0x00007FFAB7AC19FE]
[5]  [0x00007FFAB7AC0ED1]
[6]  [0x00007FFAB7AC0D76]
[7]  [0x00007FFAB7A679F6]
[8]  [0x00007FFAB7A57AFB]
[9]  [0x00007FFAB7B7E90A]
[10]  [0x00007FFAB7B99F87]
[11]  [0x00007FFAB7B9A05F]
[12] (BaseThreadInitThunk+0x14) [0x00007FFB23C42774]
[13] (RtlUserThreadStart+0x21) [0x00007FFB24C60D51]
Done
Exception at PC 0x00007FFAB77E1A52
Attemped to write at address 0x00007FFAEF10ABA4
Printing stacktrace...

[0]  [0x00007FFAB77E1A52]
[1]  [0x00007FFAB77E1A52]
[2]  [0x00007FFAB77E1AD4]
[3]  [0x00007FFAB7923FF7]
[4]  [0x00007FFAB7809128]
[5]  [0x00007FFAB7ABDFB9]
[6]  [0x00007FFAB7C8EF23]
[7]  [0x00007FFAB7B9B06B]
[8]  [0x00007FFAB7B908AF]
[9]  [0x00007FFAB7B90A32]
[10] (RtlDeactivateActivationContextUnsafeFast+0x1af) [0x00007FFB24C1485F]
[11] (LdrShutdownProcess+0x12c) [0x00007FFB24C3D43C]
[12] (RtlExitUserProcess+0xb4) [0x00007FFB24C3D2F4]
[13] (FatalExit+0xa) [0x00007FFB23C4C0DA]
[14] (exit+0x75) [0x00007FFB23D8A045]
[15] (initterm_e+0x21d) [0x00007FFB23D8A68D]
[16]  [0x00000000004014CD]
[17]  [0x000000000040151B]
[18] (BaseThreadInitThunk+0x14) [0x00007FFB23C42774]
[19] (RtlUserThreadStart+0x21) [0x00007FFB24C60D51]
Done
