INFO: [VRFC 10-163] Analyzing VHDL file "C:/Users/oousterm/Documents/GitHub/CPE-233/Lab_05/Lab_05.srcs/sources_1/new/CLK_reducer.vhd" into library xil_defaultlib
INFO: [VRFC 10-307] analyzing entity CLK_reducer
INFO: [VRFC 10-163] Analyzing VHDL file "C:/Users/oousterm/Documents/GitHub/CPE-233/Lab_05/Lab_05.srcs/sources_1/new/Comparator_GT.vhd" into library xil_defaultlib
INFO: [VRFC 10-307] analyzing entity Comparator_GT
INFO: [VRFC 10-163] Analyzing VHDL file "C:/Users/oousterm/Documents/GitHub/CPE-233/Lab_05/Lab_05.srcs/sources_1/new/Counter_4Bit.vhd" into library xil_defaultlib
INFO: [VRFC 10-307] analyzing entity Counter_4Bit
INFO: [VRFC 10-163] Analyzing VHDL file "C:/Users/oousterm/Documents/GitHub/CPE-233/Lab_05/Lab_05.srcs/sources_1/new/Dual_Port_Ram.vhd" into library xil_defaultlib
INFO: [VRFC 10-307] analyzing entity Dual_Port_Ram
INFO: [VRFC 10-163] Analyzing VHDL file "C:/Users/oousterm/Documents/GitHub/CPE-233/Lab_05/Lab_05.srcs/sources_1/new/FSM_LAB_5.vhd" into library xil_defaultlib
INFO: [VRFC 10-307] analyzing entity FSM_LAB_5
INFO: [VRFC 10-163] Analyzing VHDL file "C:/Users/oousterm/Documents/GitHub/CPE-233/Lab_05/Lab_05.srcs/sources_1/new/Mux_2x1.vhd" into library xil_defaultlib
INFO: [VRFC 10-307] analyzing entity MUX_2x1
INFO: [VRFC 10-163] Analyzing VHDL file "C:/Users/oousterm/Documents/GitHub/CPE-233/Lab_05/Lab_05.srcs/sources_1/new/Mux_4x1.vhd" into library xil_defaultlib
INFO: [VRFC 10-307] analyzing entity MUX_4x1
INFO: [VRFC 10-163] Analyzing VHDL file "C:/Users/oousterm/Documents/GitHub/CPE-233/Lab_05/Lab_05.srcs/sources_1/new/RCA_4Bit.vhd" into library xil_defaultlib
INFO: [VRFC 10-307] analyzing entity RCA_4Bit
INFO: [VRFC 10-163] Analyzing VHDL file "C:/Users/oousterm/Documents/GitHub/CPE-233/Lab_05/Lab_05.srcs/sources_1/new/ROM.vhd" into library xil_defaultlib
INFO: [VRFC 10-307] analyzing entity ROM
INFO: [VRFC 10-163] Analyzing VHDL file "C:/Users/oousterm/Documents/GitHub/CPE-233/Lab_05/Lab_05.srcs/sources_1/new/Register_8Bit.vhd" into library xil_defaultlib
INFO: [VRFC 10-307] analyzing entity Register_8Bit
INFO: [VRFC 10-163] Analyzing VHDL file "C:/Users/oousterm/Documents/GitHub/CPE-233/Lab_05/Lab_05.srcs/sources_1/new/SSEG_DISPLAY.vhd" into library xil_defaultlib
INFO: [VRFC 10-307] analyzing entity sseg_dec_uni
INFO: [VRFC 10-307] analyzing entity bin2bcdconv
INFO: [VRFC 10-307] analyzing entity clk_div
INFO: [VRFC 10-163] Analyzing VHDL file "C:/Users/oousterm/Documents/GitHub/CPE-233/Lab_05/Lab_05.srcs/sources_1/new/Lab_5_Main.vhd" into library xil_defaultlib
INFO: [VRFC 10-307] analyzing entity Lab_5_Main
