Unable to capture context for thread 16768 in process 12608, can not generate back trace
Exception at PC 0x00007FFD0CC1BB93
Printing stacktrace...

[0]  [0x00007FFD0CC1BB93]
[1]  [0x00007FFD0CC1BB93]
[2]  [0x00007FFD0CC1B4A1]
[3]  [0x00007FFD0CC1B3EF]
[4]  [0x00007FFD0CC019FE]
[5]  [0x00007FFD0CC00ED1]
[6]  [0x00007FFD0CC00D76]
[7]  [0x00007FFD0CBA79F6]
[8]  [0x00007FFD0CB97AFB]
[9]  [0x00007FFD0CCBE90A]
[10]  [0x00007FFD0CCD9F87]
[11]  [0x00007FFD0CCDA05F]
[12] (BaseThreadInitThunk+0x14) [0x00007FFD77CA2774]
[13] (RtlUserThreadStart+0x21) [0x00007FFD7A3B0D51]
Done
Exception at PC 0x00007FFD0C921A52
Attemped to write at address 0x00007FFD46C0ABA4
Printing stacktrace...

[0]  [0x00007FFD0C921A52]
[1]  [0x00007FFD0C921A52]
[2]  [0x00007FFD0C921AD4]
[3]  [0x00007FFD0CA63FF7]
[4]  [0x00007FFD0C949128]
[5]  [0x00007FFD0CBFDFB9]
[6]  [0x00007FFD0CDCEF23]
[7]  [0x00007FFD0CCDB06B]
[8]  [0x00007FFD0CCD08AF]
[9]  [0x00007FFD0CCD0A32]
[10] (RtlDeactivateActivationContextUnsafeFast+0x1af) [0x00007FFD7A36485F]
[11] (LdrShutdownProcess+0x12c) [0x00007FFD7A38D43C]
[12] (RtlExitUserProcess+0xb4) [0x00007FFD7A38D2F4]
[13] (FatalExit+0xa) [0x00007FFD77CAC0DA]
[14] (exit+0x75) [0x00007FFD77D7A045]
[15] (initterm_e+0x21d) [0x00007FFD77D7A68D]
[16]  [0x00000000004014CD]
[17]  [0x000000000040151B]
[18] (BaseThreadInitThunk+0x14) [0x00007FFD77CA2774]
[19] (RtlUserThreadStart+0x21) [0x00007FFD7A3B0D51]
Done
