#-----------------------------------------------------------
# Vivado v2017.2 (64-bit)
# SW Build 1909853 on Thu Jun 15 18:39:09 MDT 2017
# IP Build 1909766 on Thu Jun 15 19:58:00 MDT 2017
# Start of session at: Fri Sep 29 02:32:40 2017
# Process ID: 15548
# Current directory: C:/Users/oousterm/Documents/GitHub/CPE-233/CPE_233_Olive and Andrew
# Command line: vivado.exe -gui_launcher_event rodinguilauncherevent4028 C:\Users\oousterm\Documents\GitHub\CPE-233\CPE_233_Olive and Andrew\CPE_233_Olive and Andrew.xpr
# Log file: C:/Users/oousterm/Documents/GitHub/CPE-233/CPE_233_Olive and Andrew/vivado.log
# Journal file: C:/Users/oousterm/Documents/GitHub/CPE-233/CPE_233_Olive and Andrew\vivado.jou
#-----------------------------------------------------------
start_gui
open_project {C:/Users/oousterm/Documents/GitHub/CPE-233/CPE_233_Olive and Andrew/CPE_233_Olive and Andrew.xpr}
Scanning sources...
Finished scanning sources
INFO: [IP_Flow 19-234] Refreshing IP repositories
INFO: [IP_Flow 19-1704] No user IP repositories specified
INFO: [IP_Flow 19-2313] Loaded Vivado IP repository 'C:/Xilinx/Vivado/2017.2/data/ip'.
update_compile_order -fileset sources_1
reset_run synth_1
launch_runs impl_1 -to_step write_bitstream -jobs 2
[Fri Sep 29 02:33:22 2017] Launched synth_1...
Run output will be captured here: C:/Users/oousterm/Documents/GitHub/CPE-233/CPE_233_Olive and Andrew/CPE_233_Olive and Andrew.runs/synth_1/runme.log
[Fri Sep 29 02:33:22 2017] Launched impl_1...
Run output will be captured here: C:/Users/oousterm/Documents/GitHub/CPE-233/CPE_233_Olive and Andrew/CPE_233_Olive and Andrew.runs/impl_1/runme.log
set_property top Exp3_Main1 [current_fileset]
update_compile_order -fileset sources_1
synth_design -rtl -name rtl_1
Command: synth_design -rtl -name rtl_1
Starting synth_design
Using part: xc7a35tcpg236-1
Top: Exp3_Main1
---------------------------------------------------------------------------------
Starting RTL Elaboration : Time (s): cpu = 00:00:03 ; elapsed = 00:00:03 . Memory (MB): peak = 871.539 ; gain = 71.453
---------------------------------------------------------------------------------
INFO: [Synth 8-638] synthesizing module 'Exp3_Main1' [C:/Users/oousterm/Documents/GitHub/CPE-233/CPE_233_Olive and Andrew/CPE_233_Olive and Andrew.srcs/sources_1/new/Exp3_Main1.vhd:13]
INFO: [Synth 8-3491] module 'Program_Counter_Exp3' declared at 'C:/Users/oousterm/Documents/GitHub/CPE-233/CPE_233_Olive and Andrew/CPE_233_Olive and Andrew.srcs/sources_1/new/Program_Counter_Exp3.vhd:6' bound to instance 'PC' of component 'Program_Counter_Exp3' [C:/Users/oousterm/Documents/GitHub/CPE-233/CPE_233_Olive and Andrew/CPE_233_Olive and Andrew.srcs/sources_1/new/Exp3_Main1.vhd:35]
INFO: [Synth 8-638] synthesizing module 'Program_Counter_Exp3' [C:/Users/oousterm/Documents/GitHub/CPE-233/CPE_233_Olive and Andrew/CPE_233_Olive and Andrew.srcs/sources_1/new/Program_Counter_Exp3.vhd:17]
INFO: [Synth 8-3491] module 'MUX_4x1_10Bit' declared at 'C:/Users/oousterm/Documents/GitHub/CPE-233/CPE_233_Olive and Andrew/CPE_233_Olive and Andrew.srcs/sources_1/new/MUX_2x1_10Bit.vhd:6' bound to instance 'RAM_MUX' of component 'MUX_4x1_10Bit' [C:/Users/oousterm/Documents/GitHub/CPE-233/CPE_233_Olive and Andrew/CPE_233_Olive and Andrew.srcs/sources_1/new/Program_Counter_Exp3.vhd:32]
INFO: [Synth 8-638] synthesizing module 'MUX_4x1_10Bit' [C:/Users/oousterm/Documents/GitHub/CPE-233/CPE_233_Olive and Andrew/CPE_233_Olive and Andrew.srcs/sources_1/new/MUX_2x1_10Bit.vhd:15]
INFO: [Synth 8-226] default block is never used [C:/Users/oousterm/Documents/GitHub/CPE-233/CPE_233_Olive and Andrew/CPE_233_Olive and Andrew.srcs/sources_1/new/MUX_2x1_10Bit.vhd:20]
INFO: [Synth 8-256] done synthesizing module 'MUX_4x1_10Bit' (1#1) [C:/Users/oousterm/Documents/GitHub/CPE-233/CPE_233_Olive and Andrew/CPE_233_Olive and Andrew.srcs/sources_1/new/MUX_2x1_10Bit.vhd:15]
INFO: [Synth 8-256] done synthesizing module 'Program_Counter_Exp3' (2#1) [C:/Users/oousterm/Documents/GitHub/CPE-233/CPE_233_Olive and Andrew/CPE_233_Olive and Andrew.srcs/sources_1/new/Program_Counter_Exp3.vhd:17]
INFO: [Synth 8-3491] module 'ProgramROM_Exp3' declared at 'C:/Users/oousterm/Documents/GitHub/CPE-233/CPE_233_Olive and Andrew/CPE_233_Olive and Andrew.srcs/sources_1/new/ProgramROM_Exp3.vhd:21' bound to instance 'PROM' of component 'ProgramROM_Exp3' [C:/Users/oousterm/Documents/GitHub/CPE-233/CPE_233_Olive and Andrew/CPE_233_Olive and Andrew.srcs/sources_1/new/Exp3_Main1.vhd:46]
INFO: [Synth 8-638] synthesizing module 'ProgramROM_Exp3' [C:/Users/oousterm/Documents/GitHub/CPE-233/CPE_233_Olive and Andrew/CPE_233_Olive and Andrew.srcs/sources_1/new/ProgramROM_Exp3.vhd:29]
	Parameter INIT bound to: 20'b00000000000000000000 
	Parameter INITP_00 bound to: 256'b0000000000000000000000000000000000000000000000000000000000000000000000000000000000000000000000000000000000000000000000000000000000000000000000000000000000000000000000000000000000000000000000000000000000000000000000000011101100000000000000000000000000000000 
	Parameter INITP_01 bound to: 256'b0000000000000000000000000000000000000000000000000000000000000000000000000000000000000000000000000000000000000000000000000000000000000000000000000000000000000000000000000000000000000000000000000000000000000000000000000000000000000000000000000000000000000000 
	Parameter INITP_02 bound to: 256'b0000000000000000000000000000000000000000000000000000000000000000000000000000000000000000000000000000000000000000000000000000000000000000000000000000000000000000000000000000000000000000000000000000000000000000000000000000000000000000000000000000000000000000 
	Parameter INITP_03 bound to: 256'b0000000000000000000000000000000000000000000000000000000000000000000000000000000000000000000000000000000000000000000000000000000000000000000000000000000000000000000000000000000000000000000000000000000000000000000000000000000000000000000000000000000000000000 
	Parameter INITP_04 bound to: 256'b0000000000000000000000000000000000000000000000000000000000000000000000000000000000000000000000000000000000000000000000000000000000000000000000000000000000000000000000000000000000000000000000000000000000000000000000000000000000000000000000000000000000000000 
	Parameter INITP_05 bound to: 256'b0000000000000000000000000000000000000000000000000000000000000000000000000000000000000000000000000000000000000000000000000000000000000000000000000000000000000000000000000000000000000000000000000000000000000000000000000000000000000000000000000000000000000000 
	Parameter INITP_06 bound to: 256'b0000000000000000000000000000000000000000000000000000000000000000000000000000000000000000000000000000000000000000000000000000000000000000000000000000000000000000000000000000000000000000000000000000000000000000000000000000000000000000000000000000000000000000 
	Parameter INITP_07 bound to: 256'b0000000000000000000000000000000000000000000000000000000000000000000000000000000000000000000000000000000000000000000000000000000000000000000000000000000000000000000000000000000000000000000000000000000000000000000000000000000000000000000000000000000000000000 
	Parameter INIT_00 bound to: 256'b0000000000000000000000000000000000000000000000000000000000000000000000000000000000000000000000000000000000000000000000000000000000000000000000000000000000000000000000000000000000000000000000000000000000000000000000000000000000000000000000000000000000000000 
	Parameter INIT_01 bound to: 256'b0000000000000000000000000000000000000000000000000000000000000000000000000000000000000000000000000000000000000000000000000000000000000000000000000000000000000000000000000000000000000000000000001000000010000000010010100011000010001010000000010010101001000000 
	Parameter INIT_02 bound to: 256'b0000000000000000000000000000000000000000000000000000000000000000000000000000000000000000000000000000000000000000000000000000000000000000000000000000000000000000000000000000000000000000000000000000000000000000000000000000000000000000000000000000000000000000 
	Parameter INIT_03 bound to: 256'b0000000000000000000000000000000000000000000000000000000000000000000000000000000000000000000000000000000000000000000000000000000000000000000000000000000000000000000000000000000000000000000000000000000000000000000000000000000000000000000000000000000000000000 
	Parameter INIT_04 bound to: 256'b0000000000000000000000000000000000000000000000000000000000000000000000000000000000000000000000000000000000000000000000000000000000000000000000000000000000000000000000000000000000000000000000000000000000000000000000000000000000000000000000000000000000000000 
	Parameter INIT_05 bound to: 256'b0000000000000000000000000000000000000000000000000000000000000000000000000000000000000000000000000000000000000000000000000000000000000000000000000000000000000000000000000000000000000000000000000000000000000000000000000000000000000000000000000000000000000000 
	Parameter INIT_06 bound to: 256'b0000000000000000000000000000000000000000000000000000000000000000000000000000000000000000000000000000000000000000000000000000000000000000000000000000000000000000000000000000000000000000000000000000000000000000000000000000000000000000000000000000000000000000 
	Parameter INIT_07 bound to: 256'b0000000000000000000000000000000000000000000000000000000000000000000000000000000000000000000000000000000000000000000000000000000000000000000000000000000000000000000000000000000000000000000000000000000000000000000000000000000000000000000000000000000000000000 
	Parameter INIT_08 bound to: 256'b0000000000000000000000000000000000000000000000000000000000000000000000000000000000000000000000000000000000000000000000000000000000000000000000000000000000000000000000000000000000000000000000000000000000000000000000000000000000000000000000000000000000000000 
	Parameter INIT_09 bound to: 256'b0000000000000000000000000000000000000000000000000000000000000000000000000000000000000000000000000000000000000000000000000000000000000000000000000000000000000000000000000000000000000000000000000000000000000000000000000000000000000000000000000000000000000000 
	Parameter INIT_0A bound to: 256'b0000000000000000000000000000000000000000000000000000000000000000000000000000000000000000000000000000000000000000000000000000000000000000000000000000000000000000000000000000000000000000000000000000000000000000000000000000000000000000000000000000000000000000 
	Parameter INIT_0B bound to: 256'b0000000000000000000000000000000000000000000000000000000000000000000000000000000000000000000000000000000000000000000000000000000000000000000000000000000000000000000000000000000000000000000000000000000000000000000000000000000000000000000000000000000000000000 
	Parameter INIT_0C bound to: 256'b0000000000000000000000000000000000000000000000000000000000000000000000000000000000000000000000000000000000000000000000000000000000000000000000000000000000000000000000000000000000000000000000000000000000000000000000000000000000000000000000000000000000000000 
	Parameter INIT_0D bound to: 256'b0000000000000000000000000000000000000000000000000000000000000000000000000000000000000000000000000000000000000000000000000000000000000000000000000000000000000000000000000000000000000000000000000000000000000000000000000000000000000000000000000000000000000000 
	Parameter INIT_0E bound to: 256'b0000000000000000000000000000000000000000000000000000000000000000000000000000000000000000000000000000000000000000000000000000000000000000000000000000000000000000000000000000000000000000000000000000000000000000000000000000000000000000000000000000000000000000 
	Parameter INIT_0F bound to: 256'b0000000000000000000000000000000000000000000000000000000000000000000000000000000000000000000000000000000000000000000000000000000000000000000000000000000000000000000000000000000000000000000000000000000000000000000000000000000000000000000000000000000000000000 
	Parameter INIT_10 bound to: 256'b0000000000000000000000000000000000000000000000000000000000000000000000000000000000000000000000000000000000000000000000000000000000000000000000000000000000000000000000000000000000000000000000000000000000000000000000000000000000000000000000000000000000000000 
	Parameter INIT_11 bound to: 256'b0000000000000000000000000000000000000000000000000000000000000000000000000000000000000000000000000000000000000000000000000000000000000000000000000000000000000000000000000000000000000000000000000000000000000000000000000000000000000000000000000000000000000000 
	Parameter INIT_12 bound to: 256'b0000000000000000000000000000000000000000000000000000000000000000000000000000000000000000000000000000000000000000000000000000000000000000000000000000000000000000000000000000000000000000000000000000000000000000000000000000000000000000000000000000000000000000 
	Parameter INIT_13 bound to: 256'b0000000000000000000000000000000000000000000000000000000000000000000000000000000000000000000000000000000000000000000000000000000000000000000000000000000000000000000000000000000000000000000000000000000000000000000000000000000000000000000000000000000000000000 
	Parameter INIT_14 bound to: 256'b0000000000000000000000000000000000000000000000000000000000000000000000000000000000000000000000000000000000000000000000000000000000000000000000000000000000000000000000000000000000000000000000000000000000000000000000000000000000000000000000000000000000000000 
	Parameter INIT_15 bound to: 256'b0000000000000000000000000000000000000000000000000000000000000000000000000000000000000000000000000000000000000000000000000000000000000000000000000000000000000000000000000000000000000000000000000000000000000000000000000000000000000000000000000000000000000000 
	Parameter INIT_16 bound to: 256'b0000000000000000000000000000000000000000000000000000000000000000000000000000000000000000000000000000000000000000000000000000000000000000000000000000000000000000000000000000000000000000000000000000000000000000000000000000000000000000000000000000000000000000 
	Parameter INIT_17 bound to: 256'b0000000000000000000000000000000000000000000000000000000000000000000000000000000000000000000000000000000000000000000000000000000000000000000000000000000000000000000000000000000000000000000000000000000000000000000000000000000000000000000000000000000000000000 
	Parameter INIT_18 bound to: 256'b0000000000000000000000000000000000000000000000000000000000000000000000000000000000000000000000000000000000000000000000000000000000000000000000000000000000000000000000000000000000000000000000000000000000000000000000000000000000000000000000000000000000000000 
	Parameter INIT_19 bound to: 256'b0000000000000000000000000000000000000000000000000000000000000000000000000000000000000000000000000000000000000000000000000000000000000000000000000000000000000000000000000000000000000000000000000000000000000000000000000000000000000000000000000000000000000000 
	Parameter INIT_1A bound to: 256'b0000000000000000000000000000000000000000000000000000000000000000000000000000000000000000000000000000000000000000000000000000000000000000000000000000000000000000000000000000000000000000000000000000000000000000000000000000000000000000000000000000000000000000 
	Parameter INIT_1B bound to: 256'b0000000000000000000000000000000000000000000000000000000000000000000000000000000000000000000000000000000000000000000000000000000000000000000000000000000000000000000000000000000000000000000000000000000000000000000000000000000000000000000000000000000000000000 
	Parameter INIT_1C bound to: 256'b0000000000000000000000000000000000000000000000000000000000000000000000000000000000000000000000000000000000000000000000000000000000000000000000000000000000000000000000000000000000000000000000000000000000000000000000000000000000000000000000000000000000000000 
	Parameter INIT_1D bound to: 256'b0000000000000000000000000000000000000000000000000000000000000000000000000000000000000000000000000000000000000000000000000000000000000000000000000000000000000000000000000000000000000000000000000000000000000000000000000000000000000000000000000000000000000000 
	Parameter INIT_1E bound to: 256'b0000000000000000000000000000000000000000000000000000000000000000000000000000000000000000000000000000000000000000000000000000000000000000000000000000000000000000000000000000000000000000000000000000000000000000000000000000000000000000000000000000000000000000 
	Parameter INIT_1F bound to: 256'b0000000000000000000000000000000000000000000000000000000000000000000000000000000000000000000000000000000000000000000000000000000000000000000000000000000000000000000000000000000000000000000000000000000000000000000000000000000000000000000000000000000000000000 
	Parameter INIT_20 bound to: 256'b0000000000000000000000000000000000000000000000000000000000000000000000000000000000000000000000000000000000000000000000000000000000000000000000000000000000000000000000000000000000000000000000000000000000000000000000000000000000000000000000000000000000000000 
	Parameter INIT_21 bound to: 256'b0000000000000000000000000000000000000000000000000000000000000000000000000000000000000000000000000000000000000000000000000000000000000000000000000000000000000000000000000000000000000000000000000000000000000000000000000000000000000000000000000000000000000000 
	Parameter INIT_22 bound to: 256'b0000000000000000000000000000000000000000000000000000000000000000000000000000000000000000000000000000000000000000000000000000000000000000000000000000000000000000000000000000000000000000000000000000000000000000000000000000000000000000000000000000000000000000 
	Parameter INIT_23 bound to: 256'b0000000000000000000000000000000000000000000000000000000000000000000000000000000000000000000000000000000000000000000000000000000000000000000000000000000000000000000000000000000000000000000000000000000000000000000000000000000000000000000000000000000000000000 
	Parameter INIT_24 bound to: 256'b0000000000000000000000000000000000000000000000000000000000000000000000000000000000000000000000000000000000000000000000000000000000000000000000000000000000000000000000000000000000000000000000000000000000000000000000000000000000000000000000000000000000000000 
	Parameter INIT_25 bound to: 256'b0000000000000000000000000000000000000000000000000000000000000000000000000000000000000000000000000000000000000000000000000000000000000000000000000000000000000000000000000000000000000000000000000000000000000000000000000000000000000000000000000000000000000000 
	Parameter INIT_26 bound to: 256'b0000000000000000000000000000000000000000000000000000000000000000000000000000000000000000000000000000000000000000000000000000000000000000000000000000000000000000000000000000000000000000000000000000000000000000000000000000000000000000000000000000000000000000 
	Parameter INIT_27 bound to: 256'b0000000000000000000000000000000000000000000000000000000000000000000000000000000000000000000000000000000000000000000000000000000000000000000000000000000000000000000000000000000000000000000000000000000000000000000000000000000000000000000000000000000000000000 
	Parameter INIT_28 bound to: 256'b0000000000000000000000000000000000000000000000000000000000000000000000000000000000000000000000000000000000000000000000000000000000000000000000000000000000000000000000000000000000000000000000000000000000000000000000000000000000000000000000000000000000000000 
	Parameter INIT_29 bound to: 256'b0000000000000000000000000000000000000000000000000000000000000000000000000000000000000000000000000000000000000000000000000000000000000000000000000000000000000000000000000000000000000000000000000000000000000000000000000000000000000000000000000000000000000000 
	Parameter INIT_2A bound to: 256'b0000000000000000000000000000000000000000000000000000000000000000000000000000000000000000000000000000000000000000000000000000000000000000000000000000000000000000000000000000000000000000000000000000000000000000000000000000000000000000000000000000000000000000 
	Parameter INIT_2B bound to: 256'b0000000000000000000000000000000000000000000000000000000000000000000000000000000000000000000000000000000000000000000000000000000000000000000000000000000000000000000000000000000000000000000000000000000000000000000000000000000000000000000000000000000000000000 
	Parameter INIT_2C bound to: 256'b0000000000000000000000000000000000000000000000000000000000000000000000000000000000000000000000000000000000000000000000000000000000000000000000000000000000000000000000000000000000000000000000000000000000000000000000000000000000000000000000000000000000000000 
	Parameter INIT_2D bound to: 256'b0000000000000000000000000000000000000000000000000000000000000000000000000000000000000000000000000000000000000000000000000000000000000000000000000000000000000000000000000000000000000000000000000000000000000000000000000000000000000000000000000000000000000000 
	Parameter INIT_2E bound to: 256'b0000000000000000000000000000000000000000000000000000000000000000000000000000000000000000000000000000000000000000000000000000000000000000000000000000000000000000000000000000000000000000000000000000000000000000000000000000000000000000000000000000000000000000 
	Parameter INIT_2F bound to: 256'b0000000000000000000000000000000000000000000000000000000000000000000000000000000000000000000000000000000000000000000000000000000000000000000000000000000000000000000000000000000000000000000000000000000000000000000000000000000000000000000000000000000000000000 
	Parameter INIT_30 bound to: 256'b0000000000000000000000000000000000000000000000000000000000000000000000000000000000000000000000000000000000000000000000000000000000000000000000000000000000000000000000000000000000000000000000000000000000000000000000000000000000000000000000000000000000000000 
	Parameter INIT_31 bound to: 256'b0000000000000000000000000000000000000000000000000000000000000000000000000000000000000000000000000000000000000000000000000000000000000000000000000000000000000000000000000000000000000000000000000000000000000000000000000000000000000000000000000000000000000000 
	Parameter INIT_32 bound to: 256'b0000000000000000000000000000000000000000000000000000000000000000000000000000000000000000000000000000000000000000000000000000000000000000000000000000000000000000000000000000000000000000000000000000000000000000000000000000000000000000000000000000000000000000 
	Parameter INIT_33 bound to: 256'b0000000000000000000000000000000000000000000000000000000000000000000000000000000000000000000000000000000000000000000000000000000000000000000000000000000000000000000000000000000000000000000000000000000000000000000000000000000000000000000000000000000000000000 
	Parameter INIT_34 bound to: 256'b0000000000000000000000000000000000000000000000000000000000000000000000000000000000000000000000000000000000000000000000000000000000000000000000000000000000000000000000000000000000000000000000000000000000000000000000000000000000000000000000000000000000000000 
	Parameter INIT_35 bound to: 256'b0000000000000000000000000000000000000000000000000000000000000000000000000000000000000000000000000000000000000000000000000000000000000000000000000000000000000000000000000000000000000000000000000000000000000000000000000000000000000000000000000000000000000000 
	Parameter INIT_36 bound to: 256'b0000000000000000000000000000000000000000000000000000000000000000000000000000000000000000000000000000000000000000000000000000000000000000000000000000000000000000000000000000000000000000000000000000000000000000000000000000000000000000000000000000000000000000 
	Parameter INIT_37 bound to: 256'b0000000000000000000000000000000000000000000000000000000000000000000000000000000000000000000000000000000000000000000000000000000000000000000000000000000000000000000000000000000000000000000000000000000000000000000000000000000000000000000000000000000000000000 
	Parameter INIT_38 bound to: 256'b0000000000000000000000000000000000000000000000000000000000000000000000000000000000000000000000000000000000000000000000000000000000000000000000000000000000000000000000000000000000000000000000000000000000000000000000000000000000000000000000000000000000000000 
	Parameter INIT_39 bound to: 256'b0000000000000000000000000000000000000000000000000000000000000000000000000000000000000000000000000000000000000000000000000000000000000000000000000000000000000000000000000000000000000000000000000000000000000000000000000000000000000000000000000000000000000000 
	Parameter INIT_3A bound to: 256'b0000000000000000000000000000000000000000000000000000000000000000000000000000000000000000000000000000000000000000000000000000000000000000000000000000000000000000000000000000000000000000000000000000000000000000000000000000000000000000000000000000000000000000 
	Parameter INIT_3B bound to: 256'b0000000000000000000000000000000000000000000000000000000000000000000000000000000000000000000000000000000000000000000000000000000000000000000000000000000000000000000000000000000000000000000000000000000000000000000000000000000000000000000000000000000000000000 
	Parameter INIT_3C bound to: 256'b0000000000000000000000000000000000000000000000000000000000000000000000000000000000000000000000000000000000000000000000000000000000000000000000000000000000000000000000000000000000000000000000000000000000000000000000000000000000000000000000000000000000000000 
	Parameter INIT_3D bound to: 256'b0000000000000000000000000000000000000000000000000000000000000000000000000000000000000000000000000000000000000000000000000000000000000000000000000000000000000000000000000000000000000000000000000000000000000000000000000000000000000000000000000000000000000000 
	Parameter INIT_3E bound to: 256'b0000000000000000000000000000000000000000000000000000000000000000000000000000000000000000000000000000000000000000000000000000000000000000000000000000000000000000000000000000000000000000000000000000000000000000000000000000000000000000000000000000000000000000 
	Parameter INIT_3F bound to: 256'b0000000000000000000000000000000000000000000000000000000000000000000000000000000000000000000000000000000000000000000000000000000000000000000000000000000000000000000000000000000000000000000000000000000000000000000000000000000000000000000000000000000000000000 
	Parameter SRVAL bound to: 20'b00000000000000000000 
	Parameter WRITE_MODE bound to: WRITE_FIRST - type: string 
INFO: [Synth 8-113] binding component instance 'ram_1024_x_18' to cell 'RAMB16_S18' [C:/Users/oousterm/Documents/GitHub/CPE-233/CPE_233_Olive and Andrew/CPE_233_Olive and Andrew.srcs/sources_1/new/ProgramROM_Exp3.vhd:194]
INFO: [Synth 8-256] done synthesizing module 'ProgramROM_Exp3' (3#1) [C:/Users/oousterm/Documents/GitHub/CPE-233/CPE_233_Olive and Andrew/CPE_233_Olive and Andrew.srcs/sources_1/new/ProgramROM_Exp3.vhd:29]
INFO: [Synth 8-256] done synthesizing module 'Exp3_Main1' (4#1) [C:/Users/oousterm/Documents/GitHub/CPE-233/CPE_233_Olive and Andrew/CPE_233_Olive and Andrew.srcs/sources_1/new/Exp3_Main1.vhd:13]
---------------------------------------------------------------------------------
Finished RTL Elaboration : Time (s): cpu = 00:00:04 ; elapsed = 00:00:04 . Memory (MB): peak = 881.559 ; gain = 81.473
---------------------------------------------------------------------------------

Report Check Netlist: 
+------+------------------+-------+---------+-------+------------------+
|      |Item              |Errors |Warnings |Status |Description       |
+------+------------------+-------+---------+-------+------------------+
|1     |multi_driven_nets |      0|        0|Passed |Multi driven nets |
+------+------------------+-------+---------+-------+------------------+
---------------------------------------------------------------------------------
Finished RTL Optimization Phase 1 : Time (s): cpu = 00:00:04 ; elapsed = 00:00:04 . Memory (MB): peak = 881.559 ; gain = 81.473
---------------------------------------------------------------------------------
INFO: [Netlist 29-17] Analyzing 1 Unisim elements for replacement
INFO: [Netlist 29-28] Unisim Transformation completed in 0 CPU seconds
INFO: [Device 21-403] Loading part xc7a35tcpg236-1
INFO: [Project 1-570] Preparing netlist for logic optimization

Processing XDC Constraints
Initializing timing engine
Completed Processing XDC Constraints

INFO: [Opt 31-140] Inserted 1 IBUFs to IO ports without IO buffers.
INFO: [Opt 31-141] Inserted 18 OBUFs to IO ports without IO buffers.
INFO: [Opt 31-138] Pushed 0 inverter(s) to 0 load pin(s).
INFO: [Project 1-111] Unisim Transformation Summary:
  A total of 1 instances were transformed.
  RAMB16_S18 => RAMB18E1: 1 instances

RTL Elaboration Complete:  : Time (s): cpu = 00:00:17 ; elapsed = 00:00:13 . Memory (MB): peak = 1127.836 ; gain = 327.750
21 Infos, 0 Warnings, 0 Critical Warnings and 0 Errors encountered.
synth_design completed successfully
synth_design: Time (s): cpu = 00:00:17 ; elapsed = 00:00:14 . Memory (MB): peak = 1127.836 ; gain = 327.750
close [ open {C:/Users/oousterm/Documents/GitHub/CPE-233/CPE_233_Olive and Andrew/CPE_233_Olive and Andrew.srcs/sources_1/new/Exp3_Tester.vhd} w ]
add_files {{C:/Users/oousterm/Documents/GitHub/CPE-233/CPE_233_Olive and Andrew/CPE_233_Olive and Andrew.srcs/sources_1/new/Exp3_Tester.vhd}}
update_compile_order -fileset sources_1
set_property top Exp3_Tester [current_fileset]
update_compile_order -fileset sources_1
launch_simulation
INFO: [SIM-utils-51] Simulation object is 'sim_1'
INFO: [SIM-utils-54] Inspecting design source files for 'Exp1_Main' in fileset 'sim_1'...
INFO: [USF-XSim-97] Finding global include files...
INFO: [USF-XSim-98] Fetching design files from 'sim_1'...
INFO: [USF-XSim-2] XSim::Compile design
INFO: [USF-XSim-61] Executing 'COMPILE and ANALYZE' step in 'C:/Users/oousterm/Documents/GitHub/CPE-233/CPE_233_Olive and Andrew/CPE_233_Olive and Andrew.sim/sim_1/behav'
"xvhdl -m64 --relax -prj Exp1_Main_vhdl.prj"
INFO: [VRFC 10-163] Analyzing VHDL file "C:/Users/oousterm/Documents/GitHub/CPE-233/CPE_233_Olive and Andrew/CPE_233_Olive and Andrew.srcs/sources_1/new/Comarator_GT.vhd" into library xil_defaultlib
INFO: [VRFC 10-307] analyzing entity Comarator_GT
INFO: [VRFC 10-163] Analyzing VHDL file "C:/Users/oousterm/Documents/GitHub/CPE-233/CPE_233_Olive and Andrew/CPE_233_Olive and Andrew.srcs/sources_1/new/Counter_4Bit.vhd" into library xil_defaultlib
INFO: [VRFC 10-307] analyzing entity Counter_4Bit
INFO: [VRFC 10-163] Analyzing VHDL file "C:/Users/oousterm/Documents/GitHub/CPE-233/CPE_233_Olive and Andrew/CPE_233_Olive and Andrew.srcs/sources_1/new/FSM_Exp1.vhd" into library xil_defaultlib
INFO: [VRFC 10-307] analyzing entity FSM_Exp1
INFO: [VRFC 10-163] Analyzing VHDL file "C:/Users/oousterm/Documents/GitHub/CPE-233/CPE_233_Olive and Andrew/CPE_233_Olive and Andrew.srcs/sources_1/new/MUX_2x1.vhd" into library xil_defaultlib
INFO: [VRFC 10-307] analyzing entity MUX_2x1
INFO: [VRFC 10-163] Analyzing VHDL file "C:/Users/oousterm/Documents/GitHub/CPE-233/CPE_233_Olive and Andrew/CPE_233_Olive and Andrew.srcs/sources_1/new/MUX_4x1.vhd" into library xil_defaultlib
INFO: [VRFC 10-307] analyzing entity MUX_4x1
INFO: [VRFC 10-163] Analyzing VHDL file "C:/Users/oousterm/Documents/GitHub/CPE-233/CPE_233_Olive and Andrew/CPE_233_Olive and Andrew.srcs/sources_1/new/RAM_16x8.vhd" into library xil_defaultlib
INFO: [VRFC 10-307] analyzing entity RAM_16x8
INFO: [VRFC 10-163] Analyzing VHDL file "C:/Users/oousterm/Documents/GitHub/CPE-233/CPE_233_Olive and Andrew/CPE_233_Olive and Andrew.srcs/sources_1/new/RCA_5Bit.vhd" into library xil_defaultlib
INFO: [VRFC 10-307] analyzing entity RCA_5Bit
INFO: [VRFC 10-163] Analyzing VHDL file "C:/Users/oousterm/Documents/GitHub/CPE-233/CPE_233_Olive and Andrew/CPE_233_Olive and Andrew.srcs/sources_1/new/ROM_Exp1.vhd" into library xil_defaultlib
INFO: [VRFC 10-307] analyzing entity ROM_Exp1
INFO: [VRFC 10-163] Analyzing VHDL file "C:/Users/oousterm/Documents/GitHub/CPE-233/CPE_233_Olive and Andrew/CPE_233_Olive and Andrew.srcs/sources_1/new/Register_8Bit.vhd" into library xil_defaultlib
INFO: [VRFC 10-307] analyzing entity Register_8Bit
INFO: [VRFC 10-163] Analyzing VHDL file "C:/Users/oousterm/Documents/GitHub/CPE-233/CPE_233_Olive and Andrew/CPE_233_Olive and Andrew.srcs/sources_1/new/clk_div_fs.vhd" into library xil_defaultlib
INFO: [VRFC 10-307] analyzing entity clk_div_fs
INFO: [VRFC 10-163] Analyzing VHDL file "C:/Users/oousterm/Documents/GitHub/CPE-233/CPE_233_Olive and Andrew/CPE_233_Olive and Andrew.srcs/sources_1/new/sseg_dec_uni.vhd" into library xil_defaultlib
INFO: [VRFC 10-307] analyzing entity sseg_dec_uni
INFO: [VRFC 10-307] analyzing entity bin2bcdconv
INFO: [VRFC 10-307] analyzing entity clk_div
INFO: [VRFC 10-163] Analyzing VHDL file "C:/Users/oousterm/Documents/GitHub/CPE-233/CPE_233_Olive and Andrew/CPE_233_Olive and Andrew.srcs/sources_1/new/Exp1_Main.vhd" into library xil_defaultlib
INFO: [VRFC 10-307] analyzing entity Exp1_Main
INFO: [USF-XSim-69] 'compile' step finished in '1' seconds
INFO: [USF-XSim-3] XSim::Elaborate design
INFO: [USF-XSim-61] Executing 'ELABORATE' step in 'C:/Users/oousterm/Documents/GitHub/CPE-233/CPE_233_Olive and Andrew/CPE_233_Olive and Andrew.sim/sim_1/behav'
Vivado Simulator 2017.2
Copyright 1986-1999, 2001-2016 Xilinx, Inc. All Rights Reserved.
Running: C:/Xilinx/Vivado/2017.2/bin/unwrapped/win64.o/xelab.exe -wto c138533ffcaa46b0a7ea7a066f3a3f3c --debug typical --relax --mt 2 -L xil_defaultlib -L secureip --snapshot Exp1_Main_behav xil_defaultlib.Exp1_Main -log elaborate.log 
Using 2 slave threads.
Starting static elaboration
Completed static elaboration
Starting simulation data flow analysis
Completed simulation data flow analysis
Time Resolution for simulation is 1ps
Compiling package std.standard
Compiling package std.textio
Compiling package ieee.std_logic_1164
Compiling package ieee.std_logic_arith
Compiling package ieee.std_logic_unsigned
Compiling architecture my_clk_div of entity xil_defaultlib.clk_div_fs [clk_div_fs_default]
Compiling architecture behavioral of entity xil_defaultlib.FSM_Exp1 [fsm_exp1_default]
Compiling architecture behavioral of entity xil_defaultlib.Counter_4Bit [counter_4bit_default]
Compiling architecture behavioral of entity xil_defaultlib.MUX_2x1 [mux_2x1_default]
Compiling architecture behavioral of entity xil_defaultlib.MUX_4x1 [mux_4x1_default]
Compiling architecture behavioral of entity xil_defaultlib.RAM_16x8 [ram_16x8_default]
Compiling architecture behavioral of entity xil_defaultlib.Register_8Bit [register_8bit_default]
Compiling architecture behavioral of entity xil_defaultlib.ROM_Exp1 [rom_exp1_default]
Compiling architecture behavioral of entity xil_defaultlib.Comarator_GT [comarator_gt_default]
Compiling architecture behavioral of entity xil_defaultlib.RCA_5Bit [rca_5bit_default]
Compiling architecture my_ckt of entity xil_defaultlib.bin2bcdconv [bin2bcdconv_default]
Compiling architecture my_clk_div of entity xil_defaultlib.clk_div [clk_div_default]
Compiling architecture my_sseg of entity xil_defaultlib.sseg_dec_uni [sseg_dec_uni_default]
Compiling architecture behavioral of entity xil_defaultlib.exp1_main
Built simulation snapshot Exp1_Main_behav

****** Webtalk v2017.2 (64-bit)
  **** SW Build 1909853 on Thu Jun 15 18:39:09 MDT 2017
  **** IP Build 1909766 on Thu Jun 15 19:58:00 MDT 2017
    ** Copyright 1986-2017 Xilinx, Inc. All Rights Reserved.

source C:/Users/oousterm/Documents/GitHub/CPE-233/CPE_233_Olive -notrace
couldn't read file "C:/Users/oousterm/Documents/GitHub/CPE-233/CPE_233_Olive": no such file or directory
INFO: [Common 17-206] Exiting Webtalk at Fri Sep 29 03:39:25 2017...
INFO: [USF-XSim-69] 'elaborate' step finished in '3' seconds
INFO: [USF-XSim-4] XSim::Simulate design
INFO: [USF-XSim-61] Executing 'SIMULATE' step in 'C:/Users/oousterm/Documents/GitHub/CPE-233/CPE_233_Olive and Andrew/CPE_233_Olive and Andrew.sim/sim_1/behav'
INFO: [USF-XSim-98] *** Running xsim
   with args "Exp1_Main_behav -key {Behavioral:sim_1:Functional:Exp1_Main} -tclbatch {Exp1_Main.tcl} -log {simulate.log}"
INFO: [USF-XSim-8] Loading simulator feature
Vivado Simulator 2017.2
Time resolution is 1 ps
source Exp1_Main.tcl
# set curr_wave [current_wave_config]
# if { [string length $curr_wave] == 0 } {
#   if { [llength [get_objects]] > 0} {
#     add_wave /
#     set_property needs_save false [current_wave_config]
#   } else {
#      send_msg_id Add_Wave-1 WARNING "No top level signals found. Simulator will start without a wave window. If you want to open a wave window go to 'File->New Waveform Configuration' or type 'create_wave_config' in the TCL console."
#   }
# }
# run 1000ns
INFO: [Common 17-41] Interrupt caught. Command should exit soon.
run: Time (s): cpu = 00:00:02 ; elapsed = 00:00:24 . Memory (MB): peak = 1181.637 ; gain = 1.547
INFO: [Common 17-344] 'run' was cancelled
INFO: [Common 17-344] 'source' was cancelled
xsim: Time (s): cpu = 00:00:06 ; elapsed = 00:00:27 . Memory (MB): peak = 1181.637 ; gain = 3.480
INFO: [Common 17-344] 'xsim' was cancelled
INFO: [Vivado 12-5357] 'simulate' step aborted
launch_simulation: Time (s): cpu = 00:00:06 ; elapsed = 00:00:32 . Memory (MB): peak = 1181.637 ; gain = 3.480
INFO: [Common 17-344] 'launch_simulation' was cancelled
close_sim
INFO: [Simtcl 6-16] Simulation closed
launch_simulation
INFO: [SIM-utils-51] Simulation object is 'sim_1'
INFO: [SIM-utils-54] Inspecting design source files for 'Exp1_Main' in fileset 'sim_1'...
INFO: [USF-XSim-97] Finding global include files...
INFO: [USF-XSim-98] Fetching design files from 'sim_1'...
INFO: [USF-XSim-2] XSim::Compile design
INFO: [USF-XSim-61] Executing 'COMPILE and ANALYZE' step in 'C:/Users/oousterm/Documents/GitHub/CPE-233/CPE_233_Olive and Andrew/CPE_233_Olive and Andrew.sim/sim_1/behav'
"xvhdl -m64 --relax -prj Exp1_Main_vhdl.prj"
INFO: [VRFC 10-163] Analyzing VHDL file "C:/Users/oousterm/Documents/GitHub/CPE-233/CPE_233_Olive and Andrew/CPE_233_Olive and Andrew.srcs/sources_1/new/Comarator_GT.vhd" into library xil_defaultlib
INFO: [VRFC 10-307] analyzing entity Comarator_GT
INFO: [VRFC 10-163] Analyzing VHDL file "C:/Users/oousterm/Documents/GitHub/CPE-233/CPE_233_Olive and Andrew/CPE_233_Olive and Andrew.srcs/sources_1/new/Counter_4Bit.vhd" into library xil_defaultlib
INFO: [VRFC 10-307] analyzing entity Counter_4Bit
INFO: [VRFC 10-163] Analyzing VHDL file "C:/Users/oousterm/Documents/GitHub/CPE-233/CPE_233_Olive and Andrew/CPE_233_Olive and Andrew.srcs/sources_1/new/FSM_Exp1.vhd" into library xil_defaultlib
INFO: [VRFC 10-307] analyzing entity FSM_Exp1
INFO: [VRFC 10-163] Analyzing VHDL file "C:/Users/oousterm/Documents/GitHub/CPE-233/CPE_233_Olive and Andrew/CPE_233_Olive and Andrew.srcs/sources_1/new/MUX_2x1.vhd" into library xil_defaultlib
INFO: [VRFC 10-307] analyzing entity MUX_2x1
INFO: [VRFC 10-163] Analyzing VHDL file "C:/Users/oousterm/Documents/GitHub/CPE-233/CPE_233_Olive and Andrew/CPE_233_Olive and Andrew.srcs/sources_1/new/MUX_4x1.vhd" into library xil_defaultlib
INFO: [VRFC 10-307] analyzing entity MUX_4x1
INFO: [VRFC 10-163] Analyzing VHDL file "C:/Users/oousterm/Documents/GitHub/CPE-233/CPE_233_Olive and Andrew/CPE_233_Olive and Andrew.srcs/sources_1/new/RAM_16x8.vhd" into library xil_defaultlib
INFO: [VRFC 10-307] analyzing entity RAM_16x8
INFO: [VRFC 10-163] Analyzing VHDL file "C:/Users/oousterm/Documents/GitHub/CPE-233/CPE_233_Olive and Andrew/CPE_233_Olive and Andrew.srcs/sources_1/new/RCA_5Bit.vhd" into library xil_defaultlib
INFO: [VRFC 10-307] analyzing entity RCA_5Bit
INFO: [VRFC 10-163] Analyzing VHDL file "C:/Users/oousterm/Documents/GitHub/CPE-233/CPE_233_Olive and Andrew/CPE_233_Olive and Andrew.srcs/sources_1/new/ROM_Exp1.vhd" into library xil_defaultlib
INFO: [VRFC 10-307] analyzing entity ROM_Exp1
INFO: [VRFC 10-163] Analyzing VHDL file "C:/Users/oousterm/Documents/GitHub/CPE-233/CPE_233_Olive and Andrew/CPE_233_Olive and Andrew.srcs/sources_1/new/Register_8Bit.vhd" into library xil_defaultlib
INFO: [VRFC 10-307] analyzing entity Register_8Bit
INFO: [VRFC 10-163] Analyzing VHDL file "C:/Users/oousterm/Documents/GitHub/CPE-233/CPE_233_Olive and Andrew/CPE_233_Olive and Andrew.srcs/sources_1/new/clk_div_fs.vhd" into library xil_defaultlib
INFO: [VRFC 10-307] analyzing entity clk_div_fs
INFO: [VRFC 10-163] Analyzing VHDL file "C:/Users/oousterm/Documents/GitHub/CPE-233/CPE_233_Olive and Andrew/CPE_233_Olive and Andrew.srcs/sources_1/new/sseg_dec_uni.vhd" into library xil_defaultlib
INFO: [VRFC 10-307] analyzing entity sseg_dec_uni
INFO: [VRFC 10-307] analyzing entity bin2bcdconv
INFO: [VRFC 10-307] analyzing entity clk_div
INFO: [VRFC 10-163] Analyzing VHDL file "C:/Users/oousterm/Documents/GitHub/CPE-233/CPE_233_Olive and Andrew/CPE_233_Olive and Andrew.srcs/sources_1/new/Exp1_Main.vhd" into library xil_defaultlib
INFO: [VRFC 10-307] analyzing entity Exp1_Main
INFO: [USF-XSim-69] 'compile' step finished in '1' seconds
INFO: [USF-XSim-3] XSim::Elaborate design
INFO: [USF-XSim-61] Executing 'ELABORATE' step in 'C:/Users/oousterm/Documents/GitHub/CPE-233/CPE_233_Olive and Andrew/CPE_233_Olive and Andrew.sim/sim_1/behav'
Vivado Simulator 2017.2
Copyright 1986-1999, 2001-2016 Xilinx, Inc. All Rights Reserved.
Running: C:/Xilinx/Vivado/2017.2/bin/unwrapped/win64.o/xelab.exe -wto c138533ffcaa46b0a7ea7a066f3a3f3c --debug typical --relax --mt 2 -L xil_defaultlib -L secureip --snapshot Exp1_Main_behav xil_defaultlib.Exp1_Main -log elaborate.log 
Using 2 slave threads.
Starting static elaboration
Completed static elaboration
Starting simulation data flow analysis
Completed simulation data flow analysis
Time Resolution for simulation is 1ps
Compiling package std.standard
Compiling package std.textio
Compiling package ieee.std_logic_1164
Compiling package ieee.std_logic_arith
Compiling package ieee.std_logic_unsigned
Compiling architecture my_clk_div of entity xil_defaultlib.clk_div_fs [clk_div_fs_default]
Compiling architecture behavioral of entity xil_defaultlib.FSM_Exp1 [fsm_exp1_default]
Compiling architecture behavioral of entity xil_defaultlib.Counter_4Bit [counter_4bit_default]
Compiling architecture behavioral of entity xil_defaultlib.MUX_2x1 [mux_2x1_default]
Compiling architecture behavioral of entity xil_defaultlib.MUX_4x1 [mux_4x1_default]
Compiling architecture behavioral of entity xil_defaultlib.RAM_16x8 [ram_16x8_default]
Compiling architecture behavioral of entity xil_defaultlib.Register_8Bit [register_8bit_default]
Compiling architecture behavioral of entity xil_defaultlib.ROM_Exp1 [rom_exp1_default]
Compiling architecture behavioral of entity xil_defaultlib.Comarator_GT [comarator_gt_default]
Compiling architecture behavioral of entity xil_defaultlib.RCA_5Bit [rca_5bit_default]
Compiling architecture my_ckt of entity xil_defaultlib.bin2bcdconv [bin2bcdconv_default]
Compiling architecture my_clk_div of entity xil_defaultlib.clk_div [clk_div_default]
Compiling architecture my_sseg of entity xil_defaultlib.sseg_dec_uni [sseg_dec_uni_default]
Compiling architecture behavioral of entity xil_defaultlib.exp1_main
Built simulation snapshot Exp1_Main_behav

****** Webtalk v2017.2 (64-bit)
  **** SW Build 1909853 on Thu Jun 15 18:39:09 MDT 2017
  **** IP Build 1909766 on Thu Jun 15 19:58:00 MDT 2017
    ** Copyright 1986-2017 Xilinx, Inc. All Rights Reserved.

source C:/Users/oousterm/Documents/GitHub/CPE-233/CPE_233_Olive -notrace
couldn't read file "C:/Users/oousterm/Documents/GitHub/CPE-233/CPE_233_Olive": no such file or directory
INFO: [Common 17-206] Exiting Webtalk at Fri Sep 29 03:40:41 2017...
INFO: [USF-XSim-69] 'elaborate' step finished in '2' seconds
INFO: [USF-XSim-4] XSim::Simulate design
INFO: [USF-XSim-61] Executing 'SIMULATE' step in 'C:/Users/oousterm/Documents/GitHub/CPE-233/CPE_233_Olive and Andrew/CPE_233_Olive and Andrew.sim/sim_1/behav'
INFO: [USF-XSim-98] *** Running xsim
   with args "Exp1_Main_behav -key {Behavioral:sim_1:Functional:Exp1_Main} -tclbatch {Exp1_Main.tcl} -log {simulate.log}"
INFO: [USF-XSim-8] Loading simulator feature
Vivado Simulator 2017.2
Time resolution is 1 ps
source Exp1_Main.tcl
# set curr_wave [current_wave_config]
# if { [string length $curr_wave] == 0 } {
#   if { [llength [get_objects]] > 0} {
#     add_wave /
#     set_property needs_save false [current_wave_config]
#   } else {
#      send_msg_id Add_Wave-1 WARNING "No top level signals found. Simulator will start without a wave window. If you want to open a wave window go to 'File->New Waveform Configuration' or type 'create_wave_config' in the TCL console."
#   }
# }
# run 1000ns
INFO: [Common 17-41] Interrupt caught. Command should exit soon.
run: Time (s): cpu = 00:00:02 ; elapsed = 00:00:48 . Memory (MB): peak = 1181.637 ; gain = 0.000
INFO: [Common 17-344] 'run' was cancelled
INFO: [Common 17-344] 'source' was cancelled
xsim: Time (s): cpu = 00:00:03 ; elapsed = 00:00:50 . Memory (MB): peak = 1181.637 ; gain = 0.000
INFO: [Common 17-344] 'xsim' was cancelled
INFO: [Vivado 12-5357] 'simulate' step aborted
launch_simulation: Time (s): cpu = 00:00:04 ; elapsed = 00:00:54 . Memory (MB): peak = 1181.637 ; gain = 0.000
INFO: [Common 17-344] 'launch_simulation' was cancelled
close_sim
INFO: [Simtcl 6-16] Simulation closed
launch_simulation
INFO: [SIM-utils-51] Simulation object is 'sim_1'
INFO: [SIM-utils-54] Inspecting design source files for 'Exp1_Main' in fileset 'sim_1'...
INFO: [USF-XSim-97] Finding global include files...
INFO: [USF-XSim-98] Fetching design files from 'sim_1'...
INFO: [USF-XSim-2] XSim::Compile design
INFO: [USF-XSim-61] Executing 'COMPILE and ANALYZE' step in 'C:/Users/oousterm/Documents/GitHub/CPE-233/CPE_233_Olive and Andrew/CPE_233_Olive and Andrew.sim/sim_1/behav'
"xvhdl -m64 --relax -prj Exp1_Main_vhdl.prj"
INFO: [VRFC 10-163] Analyzing VHDL file "C:/Users/oousterm/Documents/GitHub/CPE-233/CPE_233_Olive and Andrew/CPE_233_Olive and Andrew.srcs/sources_1/new/Comarator_GT.vhd" into library xil_defaultlib
INFO: [VRFC 10-307] analyzing entity Comarator_GT
INFO: [VRFC 10-163] Analyzing VHDL file "C:/Users/oousterm/Documents/GitHub/CPE-233/CPE_233_Olive and Andrew/CPE_233_Olive and Andrew.srcs/sources_1/new/Counter_4Bit.vhd" into library xil_defaultlib
INFO: [VRFC 10-307] analyzing entity Counter_4Bit
INFO: [VRFC 10-163] Analyzing VHDL file "C:/Users/oousterm/Documents/GitHub/CPE-233/CPE_233_Olive and Andrew/CPE_233_Olive and Andrew.srcs/sources_1/new/FSM_Exp1.vhd" into library xil_defaultlib
INFO: [VRFC 10-307] analyzing entity FSM_Exp1
INFO: [VRFC 10-163] Analyzing VHDL file "C:/Users/oousterm/Documents/GitHub/CPE-233/CPE_233_Olive and Andrew/CPE_233_Olive and Andrew.srcs/sources_1/new/MUX_2x1.vhd" into library xil_defaultlib
INFO: [VRFC 10-307] analyzing entity MUX_2x1
INFO: [VRFC 10-163] Analyzing VHDL file "C:/Users/oousterm/Documents/GitHub/CPE-233/CPE_233_Olive and Andrew/CPE_233_Olive and Andrew.srcs/sources_1/new/MUX_4x1.vhd" into library xil_defaultlib
INFO: [VRFC 10-307] analyzing entity MUX_4x1
INFO: [VRFC 10-163] Analyzing VHDL file "C:/Users/oousterm/Documents/GitHub/CPE-233/CPE_233_Olive and Andrew/CPE_233_Olive and Andrew.srcs/sources_1/new/RAM_16x8.vhd" into library xil_defaultlib
INFO: [VRFC 10-307] analyzing entity RAM_16x8
INFO: [VRFC 10-163] Analyzing VHDL file "C:/Users/oousterm/Documents/GitHub/CPE-233/CPE_233_Olive and Andrew/CPE_233_Olive and Andrew.srcs/sources_1/new/RCA_5Bit.vhd" into library xil_defaultlib
INFO: [VRFC 10-307] analyzing entity RCA_5Bit
INFO: [VRFC 10-163] Analyzing VHDL file "C:/Users/oousterm/Documents/GitHub/CPE-233/CPE_233_Olive and Andrew/CPE_233_Olive and Andrew.srcs/sources_1/new/ROM_Exp1.vhd" into library xil_defaultlib
INFO: [VRFC 10-307] analyzing entity ROM_Exp1
INFO: [VRFC 10-163] Analyzing VHDL file "C:/Users/oousterm/Documents/GitHub/CPE-233/CPE_233_Olive and Andrew/CPE_233_Olive and Andrew.srcs/sources_1/new/Register_8Bit.vhd" into library xil_defaultlib
INFO: [VRFC 10-307] analyzing entity Register_8Bit
INFO: [VRFC 10-163] Analyzing VHDL file "C:/Users/oousterm/Documents/GitHub/CPE-233/CPE_233_Olive and Andrew/CPE_233_Olive and Andrew.srcs/sources_1/new/clk_div_fs.vhd" into library xil_defaultlib
INFO: [VRFC 10-307] analyzing entity clk_div_fs
INFO: [VRFC 10-163] Analyzing VHDL file "C:/Users/oousterm/Documents/GitHub/CPE-233/CPE_233_Olive and Andrew/CPE_233_Olive and Andrew.srcs/sources_1/new/sseg_dec_uni.vhd" into library xil_defaultlib
INFO: [VRFC 10-307] analyzing entity sseg_dec_uni
INFO: [VRFC 10-307] analyzing entity bin2bcdconv
INFO: [VRFC 10-307] analyzing entity clk_div
INFO: [VRFC 10-163] Analyzing VHDL file "C:/Users/oousterm/Documents/GitHub/CPE-233/CPE_233_Olive and Andrew/CPE_233_Olive and Andrew.srcs/sources_1/new/Exp1_Main.vhd" into library xil_defaultlib
INFO: [VRFC 10-307] analyzing entity Exp1_Main
INFO: [USF-XSim-69] 'compile' step finished in '1' seconds
INFO: [USF-XSim-3] XSim::Elaborate design
INFO: [USF-XSim-61] Executing 'ELABORATE' step in 'C:/Users/oousterm/Documents/GitHub/CPE-233/CPE_233_Olive and Andrew/CPE_233_Olive and Andrew.sim/sim_1/behav'
Vivado Simulator 2017.2
Copyright 1986-1999, 2001-2016 Xilinx, Inc. All Rights Reserved.
Running: C:/Xilinx/Vivado/2017.2/bin/unwrapped/win64.o/xelab.exe -wto c138533ffcaa46b0a7ea7a066f3a3f3c --debug typical --relax --mt 2 -L xil_defaultlib -L secureip --snapshot Exp1_Main_behav xil_defaultlib.Exp1_Main -log elaborate.log 
Using 2 slave threads.
Starting static elaboration
Completed static elaboration
Starting simulation data flow analysis
Completed simulation data flow analysis
Time Resolution for simulation is 1ps
Compiling package std.standard
Compiling package std.textio
Compiling package ieee.std_logic_1164
Compiling package ieee.std_logic_arith
Compiling package ieee.std_logic_unsigned
Compiling architecture my_clk_div of entity xil_defaultlib.clk_div_fs [clk_div_fs_default]
Compiling architecture behavioral of entity xil_defaultlib.FSM_Exp1 [fsm_exp1_default]
Compiling architecture behavioral of entity xil_defaultlib.Counter_4Bit [counter_4bit_default]
Compiling architecture behavioral of entity xil_defaultlib.MUX_2x1 [mux_2x1_default]
Compiling architecture behavioral of entity xil_defaultlib.MUX_4x1 [mux_4x1_default]
Compiling architecture behavioral of entity xil_defaultlib.RAM_16x8 [ram_16x8_default]
Compiling architecture behavioral of entity xil_defaultlib.Register_8Bit [register_8bit_default]
Compiling architecture behavioral of entity xil_defaultlib.ROM_Exp1 [rom_exp1_default]
Compiling architecture behavioral of entity xil_defaultlib.Comarator_GT [comarator_gt_default]
Compiling architecture behavioral of entity xil_defaultlib.RCA_5Bit [rca_5bit_default]
Compiling architecture my_ckt of entity xil_defaultlib.bin2bcdconv [bin2bcdconv_default]
Compiling architecture my_clk_div of entity xil_defaultlib.clk_div [clk_div_default]
Compiling architecture my_sseg of entity xil_defaultlib.sseg_dec_uni [sseg_dec_uni_default]
Compiling architecture behavioral of entity xil_defaultlib.exp1_main
Built simulation snapshot Exp1_Main_behav

****** Webtalk v2017.2 (64-bit)
  **** SW Build 1909853 on Thu Jun 15 18:39:09 MDT 2017
  **** IP Build 1909766 on Thu Jun 15 19:58:00 MDT 2017
    ** Copyright 1986-2017 Xilinx, Inc. All Rights Reserved.

source C:/Users/oousterm/Documents/GitHub/CPE-233/CPE_233_Olive -notrace
couldn't read file "C:/Users/oousterm/Documents/GitHub/CPE-233/CPE_233_Olive": no such file or directory
INFO: [Common 17-206] Exiting Webtalk at Fri Sep 29 03:42:06 2017...
INFO: [USF-XSim-69] 'elaborate' step finished in '3' seconds
INFO: [USF-XSim-4] XSim::Simulate design
INFO: [USF-XSim-61] Executing 'SIMULATE' step in 'C:/Users/oousterm/Documents/GitHub/CPE-233/CPE_233_Olive and Andrew/CPE_233_Olive and Andrew.sim/sim_1/behav'
INFO: [USF-XSim-98] *** Running xsim
   with args "Exp1_Main_behav -key {Behavioral:sim_1:Functional:Exp1_Main} -tclbatch {Exp1_Main.tcl} -log {simulate.log}"
INFO: [USF-XSim-8] Loading simulator feature
Vivado Simulator 2017.2
Time resolution is 1 ps
source Exp1_Main.tcl
# set curr_wave [current_wave_config]
# if { [string length $curr_wave] == 0 } {
#   if { [llength [get_objects]] > 0} {
#     add_wave /
#     set_property needs_save false [current_wave_config]
#   } else {
#      send_msg_id Add_Wave-1 WARNING "No top level signals found. Simulator will start without a wave window. If you want to open a wave window go to 'File->New Waveform Configuration' or type 'create_wave_config' in the TCL console."
#   }
# }
# run 1000ns
INFO: [Common 17-41] Interrupt caught. Command should exit soon.
run: Time (s): cpu = 00:00:01 ; elapsed = 00:00:07 . Memory (MB): peak = 1181.637 ; gain = 0.000
INFO: [Common 17-344] 'run' was cancelled
INFO: [Common 17-344] 'source' was cancelled
xsim: Time (s): cpu = 00:00:02 ; elapsed = 00:00:10 . Memory (MB): peak = 1181.637 ; gain = 0.000
INFO: [Common 17-344] 'xsim' was cancelled
INFO: [Vivado 12-5357] 'simulate' step aborted
launch_simulation: Time (s): cpu = 00:00:03 ; elapsed = 00:00:13 . Memory (MB): peak = 1181.637 ; gain = 0.000
INFO: [Common 17-344] 'launch_simulation' was cancelled
set_property top Exp3_Main1 [current_fileset]
update_compile_order -fileset sources_1
close_sim
INFO: [Simtcl 6-16] Simulation closed
launch_simulation
INFO: [SIM-utils-51] Simulation object is 'sim_1'
INFO: [SIM-utils-54] Inspecting design source files for 'Exp1_Main' in fileset 'sim_1'...
INFO: [USF-XSim-97] Finding global include files...
INFO: [USF-XSim-98] Fetching design files from 'sim_1'...
INFO: [USF-XSim-2] XSim::Compile design
INFO: [USF-XSim-61] Executing 'COMPILE and ANALYZE' step in 'C:/Users/oousterm/Documents/GitHub/CPE-233/CPE_233_Olive and Andrew/CPE_233_Olive and Andrew.sim/sim_1/behav'
"xvhdl -m64 --relax -prj Exp1_Main_vhdl.prj"
INFO: [VRFC 10-163] Analyzing VHDL file "C:/Users/oousterm/Documents/GitHub/CPE-233/CPE_233_Olive and Andrew/CPE_233_Olive and Andrew.srcs/sources_1/new/Comarator_GT.vhd" into library xil_defaultlib
INFO: [VRFC 10-307] analyzing entity Comarator_GT
INFO: [VRFC 10-163] Analyzing VHDL file "C:/Users/oousterm/Documents/GitHub/CPE-233/CPE_233_Olive and Andrew/CPE_233_Olive and Andrew.srcs/sources_1/new/Counter_4Bit.vhd" into library xil_defaultlib
INFO: [VRFC 10-307] analyzing entity Counter_4Bit
INFO: [VRFC 10-163] Analyzing VHDL file "C:/Users/oousterm/Documents/GitHub/CPE-233/CPE_233_Olive and Andrew/CPE_233_Olive and Andrew.srcs/sources_1/new/FSM_Exp1.vhd" into library xil_defaultlib
INFO: [VRFC 10-307] analyzing entity FSM_Exp1
INFO: [VRFC 10-163] Analyzing VHDL file "C:/Users/oousterm/Documents/GitHub/CPE-233/CPE_233_Olive and Andrew/CPE_233_Olive and Andrew.srcs/sources_1/new/MUX_2x1.vhd" into library xil_defaultlib
INFO: [VRFC 10-307] analyzing entity MUX_2x1
INFO: [VRFC 10-163] Analyzing VHDL file "C:/Users/oousterm/Documents/GitHub/CPE-233/CPE_233_Olive and Andrew/CPE_233_Olive and Andrew.srcs/sources_1/new/MUX_4x1.vhd" into library xil_defaultlib
INFO: [VRFC 10-307] analyzing entity MUX_4x1
INFO: [VRFC 10-163] Analyzing VHDL file "C:/Users/oousterm/Documents/GitHub/CPE-233/CPE_233_Olive and Andrew/CPE_233_Olive and Andrew.srcs/sources_1/new/RAM_16x8.vhd" into library xil_defaultlib
INFO: [VRFC 10-307] analyzing entity RAM_16x8
INFO: [VRFC 10-163] Analyzing VHDL file "C:/Users/oousterm/Documents/GitHub/CPE-233/CPE_233_Olive and Andrew/CPE_233_Olive and Andrew.srcs/sources_1/new/RCA_5Bit.vhd" into library xil_defaultlib
INFO: [VRFC 10-307] analyzing entity RCA_5Bit
INFO: [VRFC 10-163] Analyzing VHDL file "C:/Users/oousterm/Documents/GitHub/CPE-233/CPE_233_Olive and Andrew/CPE_233_Olive and Andrew.srcs/sources_1/new/ROM_Exp1.vhd" into library xil_defaultlib
INFO: [VRFC 10-307] analyzing entity ROM_Exp1
INFO: [VRFC 10-163] Analyzing VHDL file "C:/Users/oousterm/Documents/GitHub/CPE-233/CPE_233_Olive and Andrew/CPE_233_Olive and Andrew.srcs/sources_1/new/Register_8Bit.vhd" into library xil_defaultlib
INFO: [VRFC 10-307] analyzing entity Register_8Bit
INFO: [VRFC 10-163] Analyzing VHDL file "C:/Users/oousterm/Documents/GitHub/CPE-233/CPE_233_Olive and Andrew/CPE_233_Olive and Andrew.srcs/sources_1/new/clk_div_fs.vhd" into library xil_defaultlib
INFO: [VRFC 10-307] analyzing entity clk_div_fs
INFO: [VRFC 10-163] Analyzing VHDL file "C:/Users/oousterm/Documents/GitHub/CPE-233/CPE_233_Olive and Andrew/CPE_233_Olive and Andrew.srcs/sources_1/new/sseg_dec_uni.vhd" into library xil_defaultlib
INFO: [VRFC 10-307] analyzing entity sseg_dec_uni
INFO: [VRFC 10-307] analyzing entity bin2bcdconv
INFO: [VRFC 10-307] analyzing entity clk_div
INFO: [VRFC 10-163] Analyzing VHDL file "C:/Users/oousterm/Documents/GitHub/CPE-233/CPE_233_Olive and Andrew/CPE_233_Olive and Andrew.srcs/sources_1/new/Exp1_Main.vhd" into library xil_defaultlib
INFO: [VRFC 10-307] analyzing entity Exp1_Main
INFO: [USF-XSim-69] 'compile' step finished in '1' seconds
INFO: [USF-XSim-3] XSim::Elaborate design
INFO: [USF-XSim-61] Executing 'ELABORATE' step in 'C:/Users/oousterm/Documents/GitHub/CPE-233/CPE_233_Olive and Andrew/CPE_233_Olive and Andrew.sim/sim_1/behav'
Vivado Simulator 2017.2
Copyright 1986-1999, 2001-2016 Xilinx, Inc. All Rights Reserved.
Running: C:/Xilinx/Vivado/2017.2/bin/unwrapped/win64.o/xelab.exe -wto c138533ffcaa46b0a7ea7a066f3a3f3c --debug typical --relax --mt 2 -L xil_defaultlib -L secureip --snapshot Exp1_Main_behav xil_defaultlib.Exp1_Main -log elaborate.log 
Using 2 slave threads.
Starting static elaboration
Completed static elaboration
Starting simulation data flow analysis
Completed simulation data flow analysis
Time Resolution for simulation is 1ps
Compiling package std.standard
Compiling package std.textio
Compiling package ieee.std_logic_1164
Compiling package ieee.std_logic_arith
Compiling package ieee.std_logic_unsigned
Compiling architecture my_clk_div of entity xil_defaultlib.clk_div_fs [clk_div_fs_default]
Compiling architecture behavioral of entity xil_defaultlib.FSM_Exp1 [fsm_exp1_default]
Compiling architecture behavioral of entity xil_defaultlib.Counter_4Bit [counter_4bit_default]
Compiling architecture behavioral of entity xil_defaultlib.MUX_2x1 [mux_2x1_default]
Compiling architecture behavioral of entity xil_defaultlib.MUX_4x1 [mux_4x1_default]
Compiling architecture behavioral of entity xil_defaultlib.RAM_16x8 [ram_16x8_default]
Compiling architecture behavioral of entity xil_defaultlib.Register_8Bit [register_8bit_default]
Compiling architecture behavioral of entity xil_defaultlib.ROM_Exp1 [rom_exp1_default]
Compiling architecture behavioral of entity xil_defaultlib.Comarator_GT [comarator_gt_default]
Compiling architecture behavioral of entity xil_defaultlib.RCA_5Bit [rca_5bit_default]
Compiling architecture my_ckt of entity xil_defaultlib.bin2bcdconv [bin2bcdconv_default]
Compiling architecture my_clk_div of entity xil_defaultlib.clk_div [clk_div_default]
Compiling architecture my_sseg of entity xil_defaultlib.sseg_dec_uni [sseg_dec_uni_default]
Compiling architecture behavioral of entity xil_defaultlib.exp1_main
Built simulation snapshot Exp1_Main_behav

****** Webtalk v2017.2 (64-bit)
  **** SW Build 1909853 on Thu Jun 15 18:39:09 MDT 2017
  **** IP Build 1909766 on Thu Jun 15 19:58:00 MDT 2017
    ** Copyright 1986-2017 Xilinx, Inc. All Rights Reserved.

source C:/Users/oousterm/Documents/GitHub/CPE-233/CPE_233_Olive -notrace
couldn't read file "C:/Users/oousterm/Documents/GitHub/CPE-233/CPE_233_Olive": no such file or directory
INFO: [Common 17-206] Exiting Webtalk at Fri Sep 29 03:52:33 2017...
INFO: [USF-XSim-69] 'elaborate' step finished in '2' seconds
INFO: [USF-XSim-4] XSim::Simulate design
INFO: [USF-XSim-61] Executing 'SIMULATE' step in 'C:/Users/oousterm/Documents/GitHub/CPE-233/CPE_233_Olive and Andrew/CPE_233_Olive and Andrew.sim/sim_1/behav'
INFO: [USF-XSim-98] *** Running xsim
   with args "Exp1_Main_behav -key {Behavioral:sim_1:Functional:Exp1_Main} -tclbatch {Exp1_Main.tcl} -log {simulate.log}"
INFO: [USF-XSim-8] Loading simulator feature
Vivado Simulator 2017.2
Time resolution is 1 ps
source Exp1_Main.tcl
# set curr_wave [current_wave_config]
# if { [string length $curr_wave] == 0 } {
#   if { [llength [get_objects]] > 0} {
#     add_wave /
#     set_property needs_save false [current_wave_config]
#   } else {
#      send_msg_id Add_Wave-1 WARNING "No top level signals found. Simulator will start without a wave window. If you want to open a wave window go to 'File->New Waveform Configuration' or type 'create_wave_config' in the TCL console."
#   }
# }
# run 1000ns
INFO: [Common 17-41] Interrupt caught. Command should exit soon.
run: Time (s): cpu = 00:00:00 ; elapsed = 00:00:05 . Memory (MB): peak = 1181.637 ; gain = 0.000
INFO: [Common 17-344] 'run' was cancelled
INFO: [Common 17-344] 'source' was cancelled
xsim: Time (s): cpu = 00:00:01 ; elapsed = 00:00:07 . Memory (MB): peak = 1181.637 ; gain = 0.000
INFO: [Common 17-344] 'xsim' was cancelled
INFO: [Vivado 12-5357] 'simulate' step aborted
launch_simulation: Time (s): cpu = 00:00:02 ; elapsed = 00:00:11 . Memory (MB): peak = 1181.637 ; gain = 0.000
INFO: [Common 17-344] 'launch_simulation' was cancelled
close_sim
INFO: [Simtcl 6-16] Simulation closed
exit
INFO: [Common 17-206] Exiting Vivado at Fri Sep 29 03:52:53 2017...
