Vivado Simulator 2017.2
Copyright 1986-1999, 2001-2016 Xilinx, Inc. All Rights Reserved.
Running: C:/Xilinx/Vivado/2017.2/bin/unwrapped/win64.o/xelab.exe -wto c138533ffcaa46b0a7ea7a066f3a3f3c --debug typical --relax --mt 2 -L xil_defaultlib -L secureip --snapshot Exp1_Main_behav xil_defaultlib.Exp1_Main -log elaborate.log 
Using 2 slave threads.
Starting static elaboration
Completed static elaboration
Starting simulation data flow analysis
Completed simulation data flow analysis
Time Resolution for simulation is 1ps
Compiling package std.standard
Compiling package std.textio
Compiling package ieee.std_logic_1164
Compiling package ieee.std_logic_arith
Compiling package ieee.std_logic_unsigned
Compiling architecture my_clk_div of entity xil_defaultlib.CLK_reducer [clk_reducer_default]
Compiling architecture behavioral of entity xil_defaultlib.FSM_Exp1 [fsm_exp1_default]
Compiling architecture behavioral of entity xil_defaultlib.Counter_4Bit [counter_4bit_default]
Compiling architecture behavioral of entity xil_defaultlib.MUX_2x1 [mux_2x1_default]
Compiling architecture behavioral of entity xil_defaultlib.MUX_4x1 [mux_4x1_default]
Compiling architecture behavioral of entity xil_defaultlib.RAM_16x8 [ram_16x8_default]
Compiling architecture behavioral of entity xil_defaultlib.Register_8Bit [register_8bit_default]
Compiling architecture behavioral of entity xil_defaultlib.ROM_Exp1 [rom_exp1_default]
Compiling architecture behavioral of entity xil_defaultlib.Comarator_GT [comarator_gt_default]
Compiling architecture behavioral of entity xil_defaultlib.RCA_5Bit [rca_5bit_default]
Compiling architecture my_ckt of entity xil_defaultlib.bin2bcdconv [bin2bcdconv_default]
Compiling architecture my_clk_div of entity xil_defaultlib.clk_div [clk_div_default]
Compiling architecture my_sseg of entity xil_defaultlib.sseg_dec_uni [sseg_dec_uni_default]
Compiling architecture behavioral of entity xil_defaultlib.clk_test [clk_test_default]
Compiling architecture behavioral of entity xil_defaultlib.exp1_main
Built simulation snapshot Exp1_Main_behav
