Unable to capture context for thread 3068 in process 14228, can not generate back trace
Unable to capture context for thread 4648 in process 14228, can not generate back trace
Exception at PC 0x00007FFC1C1ABB93
Printing stacktrace...

Unable to capture context for thread 4648 in process 14228, can not generate back trace
Exception at PC 0x00007FFCB2909E08
Exception at PC 0x00007FFCB2909E08
Exception at PC 0x00007FFCB2909E08
Exception at PC 0x00007FFCB2909E08
Exception at PC 0x00007FFCB2909E08
Exception at PC 0x00007FFCB2909E08
Exception at PC 0x00007FFCB2909E08
Exception at PC 0x00007FFCB2909E08
Exception at PC 0x00007FFCB2909E08
Exception at PC 0x00007FFCB2909E08
Exception at PC 0x00007FFCB2909E08
Exception at PC 0x00007FFCB2909E08
[0]  [0x00007FFC1C1ABB93]
[1]  [0x00007FFC1C1ABB93]
[2]  [0x00007FFC1C1AB4A1]
[3]  [0x00007FFC1C1AB3EF]
[4]  [0x00007FFC1C1919FE]
[5]  [0x00007FFC1C190ED1]
[6]  [0x00007FFC1C190D76]
[7]  [0x00007FFC1C1379F6]
[8]  [0x00007FFC1C127AFB]
[9]  [0x00007FFC1C24E90A]
[10]  [0x00007FFC1C269F87]
[11]  [0x00007FFC1C26A05F]
[12] (BaseThreadInitThunk+0x14) [0x00007FFCB55F2774]
[13] (RtlUserThreadStart+0x21) [0x00007FFCB5B10D51]
Done
Exception at PC 0x00007FFCB2909E08
Exception at PC 0x00007FFCB2909E08
Exception at PC 0x00007FFCB2909E08
Exception at PC 0x00007FFCB2909E08
Exception at PC 0x00007FFCB2909E08
Exception at PC 0x00007FFCB2909E08
Exception at PC 0x00007FFC1BEB1A52
Attemped to write at address 0x00007FFC5A1A9BA4
Printing stacktrace...

[0]  [0x00007FFC1BEB1A52]
[1]  [0x00007FFC1BEB1A52]
[2]  [0x00007FFC1BEB1AD4]
[3]  [0x00007FFC1BFF3FF7]
[4]  [0x00007FFC1BED9128]
[5]  [0x00007FFC1C18DFB9]
[6]  [0x00007FFC1C35EF23]
[7]  [0x00007FFC1C26B06B]
[8]  [0x00007FFC1C2608AF]
[9]  [0x00007FFC1C260A32]
[10] (RtlDeactivateActivationContextUnsafeFast+0x1af) [0x00007FFCB5AC485F]
[11] (LdrShutdownProcess+0x12c) [0x00007FFCB5AED43C]
[12] (RtlExitUserProcess+0xb4) [0x00007FFCB5AED2F4]
[13] (FatalExit+0xa) [0x00007FFCB55FC0DA]
[14] (exit+0x75) [0x00007FFCB56CA045]
[15] (initterm_e+0x21d) [0x00007FFCB56CA68D]
[16]  [0x00000000004014CD]
[17]  [0x000000000040151B]
[18] (BaseThreadInitThunk+0x14) [0x00007FFCB55F2774]
[19] (RtlUserThreadStart+0x21) [0x00007FFCB5B10D51]
Done
