#-----------------------------------------------------------
# Vivado v2017.1 (64-bit)
# SW Build 1846317 on Fri Apr 14 18:55:03 MDT 2017
# IP Build 1846188 on Fri Apr 14 20:52:08 MDT 2017
# Start of session at: Fri Sep 22 15:37:04 2017
# Process ID: 23840
# Current directory: C:/Users/aferg/OneDrive/Documents/GitHub/CPE-233/project_1
# Command line: vivado.exe -gui_launcher_event rodinguilauncherevent24852 C:\Users\aferg\OneDrive\Documents\GitHub\CPE-233\project_1\project_1.xpr
# Log file: C:/Users/aferg/OneDrive/Documents/GitHub/CPE-233/project_1/vivado.log
# Journal file: C:/Users/aferg/OneDrive/Documents/GitHub/CPE-233/project_1\vivado.jou
#-----------------------------------------------------------
start_gui
open_project C:/Users/aferg/OneDrive/Documents/GitHub/CPE-233/project_1/project_1.xpr
INFO: [Project 1-313] Project file moved from 'C:/Users/oousterm/Documents/GitHub/CPE-233/project_1' since last save.
Scanning sources...
Finished scanning sources
WARNING: [filemgmt 56-2] IPUserFilesDir: Could not find the directory 'C:/Users/aferg/OneDrive/Documents/GitHub/CPE-233/project_1/project_1.ip_user_files', nor could it be found using path 'C:/Users/oousterm/Documents/GitHub/CPE-233/project_1/project_1.ip_user_files'.
INFO: [Project 1-230] Project 'project_1.xpr' upgraded for this version of Vivado.
INFO: [IP_Flow 19-234] Refreshing IP repositories
INFO: [IP_Flow 19-1704] No user IP repositories specified
INFO: [IP_Flow 19-2313] Loaded Vivado IP repository 'C:/Xilinx/Vivado/2017.1/data/ip'.
open_project: Time (s): cpu = 00:00:19 ; elapsed = 00:00:22 . Memory (MB): peak = 804.406 ; gain = 86.883
update_compile_order -fileset sources_1
close [ open C:/Users/aferg/OneDrive/Documents/GitHub/CPE-233/project_1/project_1.srcs/sources_1/new/ROM_16x8.v w ]
add_files C:/Users/aferg/OneDrive/Documents/GitHub/CPE-233/project_1/project_1.srcs/sources_1/new/ROM_16x8.v
close [ open C:/Users/aferg/OneDrive/Documents/GitHub/CPE-233/project_1/project_1.srcs/sources_1/new/RAM_16x8.v w ]
add_files C:/Users/aferg/OneDrive/Documents/GitHub/CPE-233/project_1/project_1.srcs/sources_1/new/RAM_16x8.v
close [ open C:/Users/aferg/OneDrive/Documents/GitHub/CPE-233/project_1/project_1.srcs/sources_1/new/MUX_2x1.v w ]
add_files C:/Users/aferg/OneDrive/Documents/GitHub/CPE-233/project_1/project_1.srcs/sources_1/new/MUX_2x1.v
close [ open C:/Users/aferg/OneDrive/Documents/GitHub/CPE-233/project_1/project_1.srcs/sources_1/new/RCA_5Bit.v w ]
add_files C:/Users/aferg/OneDrive/Documents/GitHub/CPE-233/project_1/project_1.srcs/sources_1/new/RCA_5Bit.v
close [ open C:/Users/aferg/OneDrive/Documents/GitHub/CPE-233/project_1/project_1.srcs/sources_1/new/Bubble_Sort_Main.v w ]
add_files C:/Users/aferg/OneDrive/Documents/GitHub/CPE-233/project_1/project_1.srcs/sources_1/new/Bubble_Sort_Main.v
close [ open C:/Users/aferg/OneDrive/Documents/GitHub/CPE-233/project_1/project_1.srcs/sources_1/new/Register_8Bit.v w ]
add_files C:/Users/aferg/OneDrive/Documents/GitHub/CPE-233/project_1/project_1.srcs/sources_1/new/Register_8Bit.v
close [ open C:/Users/aferg/OneDrive/Documents/GitHub/CPE-233/project_1/project_1.srcs/sources_1/new/MUX_4x1.v w ]
add_files C:/Users/aferg/OneDrive/Documents/GitHub/CPE-233/project_1/project_1.srcs/sources_1/new/MUX_4x1.v
close [ open C:/Users/aferg/OneDrive/Documents/GitHub/CPE-233/project_1/project_1.srcs/sources_1/new/Count_4Bit.v w ]
add_files C:/Users/aferg/OneDrive/Documents/GitHub/CPE-233/project_1/project_1.srcs/sources_1/new/Count_4Bit.v
close [ open C:/Users/aferg/OneDrive/Documents/GitHub/CPE-233/project_1/project_1.srcs/sources_1/new/Comparator_GT.v w ]
add_files C:/Users/aferg/OneDrive/Documents/GitHub/CPE-233/project_1/project_1.srcs/sources_1/new/Comparator_GT.v
update_compile_order -fileset sources_1
exit
INFO: [Common 17-206] Exiting Vivado at Fri Sep 22 20:30:05 2017...
