#-----------------------------------------------------------
# Vivado v2017.2 (64-bit)
# SW Build 1909853 on Thu Jun 15 18:39:09 MDT 2017
# IP Build 1909766 on Thu Jun 15 19:58:00 MDT 2017
# Start of session at: Mon Oct 23 15:06:55 2017
# Process ID: 10800
# Current directory: C:/Users/oousterm/Documents/GitHub/CPE-233/project_1
# Command line: vivado.exe -gui_launcher_event rodinguilauncherevent12536 C:\Users\oousterm\Documents\GitHub\CPE-233\project_1\project_1.xpr
# Log file: C:/Users/oousterm/Documents/GitHub/CPE-233/project_1/vivado.log
# Journal file: C:/Users/oousterm/Documents/GitHub/CPE-233/project_1\vivado.jou
#-----------------------------------------------------------
start_gui
open_project C:/Users/oousterm/Documents/GitHub/CPE-233/project_1/project_1.xpr
INFO: [Project 1-313] Project file moved from 'C:/Users/aferg/OneDrive/Documents/GitHub/CPE-233/project_1' since last save.
Scanning sources...
Finished scanning sources
WARNING: [filemgmt 56-2] IPUserFilesDir: Could not find the directory 'C:/Users/oousterm/Documents/GitHub/CPE-233/project_1/project_1.ip_user_files', nor could it be found using path 'C:/Users/aferg/OneDrive/Documents/GitHub/CPE-233/project_1/project_1.ip_user_files'.
INFO: [IP_Flow 19-234] Refreshing IP repositories
INFO: [IP_Flow 19-1704] No user IP repositories specified
INFO: [IP_Flow 19-2313] Loaded Vivado IP repository 'C:/Xilinx/Vivado/2017.2/data/ip'.
update_compile_order -fileset sources_1
exit
INFO: [Common 17-206] Exiting Vivado at Mon Oct 23 15:07:16 2017...
