Unable to capture context for thread 12232 in process 9708, can not generate back trace
Unable to capture context for thread 7324 in process 9708, can not generate back trace
Exception at PC 0x00007FFE0F9ABB93
Printing stacktrace...

[0]  [0x00007FFE0F9ABB93]
[1]  [0x00007FFE0F9ABB93]
[2]  [0x00007FFE0F9AB4A1]
[3]  [0x00007FFE0F9AB3EF]
[4]  [0x00007FFE0F9919FE]
[5]  [0x00007FFE0F990ED1]
[6]  [0x00007FFE0F990D76]
[7]  [0x00007FFE0F9379F6]
[8]  [0x00007FFE0F927AFB]
[9]  [0x00007FFE0FA4E90A]
[10]  [0x00007FFE0FA69F87]
[11]  [0x00007FFE0FA6A05F]
[12] (BaseThreadInitThunk+0x14) [0x00007FFE803C2774]
[13] (RtlUserThreadStart+0x21) [0x00007FFE82EC0D51]
Done
Exception at PC 0x00007FFE0F6B1A52
Attemped to write at address 0x00007FFE499DABA4
Printing stacktrace...

[0]  [0x00007FFE0F6B1A52]
[1]  [0x00007FFE0F6B1A52]
[2]  [0x00007FFE0F6B1AD4]
[3]  [0x00007FFE0F7F3FF7]
[4]  [0x00007FFE0F6D9128]
[5]  [0x00007FFE0F98DFB9]
[6]  [0x00007FFE0FB5EF23]
[7]  [0x00007FFE0FA6B06B]
[8]  [0x00007FFE0FA608AF]
[9]  [0x00007FFE0FA60A32]
[10] (RtlDeactivateActivationContextUnsafeFast+0x1af) [0x00007FFE82E7485F]
[11] (LdrShutdownProcess+0x12c) [0x00007FFE82E9D43C]
[12] (RtlExitUserProcess+0xb4) [0x00007FFE82E9D2F4]
[13] (FatalExit+0xa) [0x00007FFE803CC0DA]
[14] (exit+0x75) [0x00007FFE8237A045]
[15] (initterm_e+0x21d) [0x00007FFE8237A68D]
[16]  [0x00000000004014CD]
[17]  [0x000000000040151B]
[18] (BaseThreadInitThunk+0x14) [0x00007FFE803C2774]
[19] (RtlUserThreadStart+0x21) [0x00007FFE82EC0D51]
Done
