Unable to capture context for thread 8956 in process 11540, can not generate back trace
Unable to capture context for thread 9404 in process 11540, can not generate back trace
Exception at PC 0x00007FFFB1BFBB93
Printing stacktrace...

[0]  [0x00007FFFB1BFBB93]
[1]  [0x00007FFFB1BFBB93]
[2]  [0x00007FFFB1BFB4A1]
[3]  [0x00007FFFB1BFB3EF]
[4]  [0x00007FFFB1BE19FE]
[5]  [0x00007FFFB1BE0ED1]
[6]  [0x00007FFFB1BE0D76]
[7]  [0x00007FFFB1B879F6]
[8]  [0x00007FFFB1B77AFB]
[9]  [0x00007FFFB1C9E90A]
[10]  [0x00007FFFB1CB9F87]
[11]  [0x00007FFFB1CBA05F]
[12] (BaseThreadInitThunk+0x14) [0x00007FF81BD22774]
[13] (RtlUserThreadStart+0x21) [0x00007FF81E570D51]
Done
Exception at PC 0x00007FFFB1901A52
Attemped to write at address 0x00007FFFE52CABA4
Printing stacktrace...

[0]  [0x00007FFFB1901A52]
[1]  [0x00007FFFB1901A52]
[2]  [0x00007FFFB1901AD4]
[3]  [0x00007FFFB1A43FF7]
[4]  [0x00007FFFB1929128]
[5]  [0x00007FFFB1BDDFB9]
[6]  [0x00007FFFB1DAEF23]
[7]  [0x00007FFFB1CBB06B]
[8]  [0x00007FFFB1CB08AF]
[9]  [0x00007FFFB1CB0A32]
[10] (RtlDeactivateActivationContextUnsafeFast+0x1af) [0x00007FF81E52485F]
[11] (LdrShutdownProcess+0x12c) [0x00007FF81E54D43C]
[12] (RtlExitUserProcess+0xb4) [0x00007FF81E54D2F4]
[13] (FatalExit+0xa) [0x00007FF81BD2C0DA]
[14] (exit+0x75) [0x00007FF81C7EA045]
[15] (initterm_e+0x21d) [0x00007FF81C7EA68D]
[16]  [0x00000000004014CD]
[17]  [0x000000000040151B]
[18] (BaseThreadInitThunk+0x14) [0x00007FF81BD22774]
[19] (RtlUserThreadStart+0x21) [0x00007FF81E570D51]
Done
