INFO: [VRFC 10-163] Analyzing VHDL file "C:/Users/oousterm/Documents/GitHub/CPE-233/CPE_233_Olive and Andrew/CPE_233_Olive and Andrew.srcs/sources_1/new/Comarator_GT.vhd" into library xil_defaultlib
INFO: [VRFC 10-307] analyzing entity Comarator_GT
INFO: [VRFC 10-163] Analyzing VHDL file "C:/Users/oousterm/Documents/GitHub/CPE-233/CPE_233_Olive and Andrew/CPE_233_Olive and Andrew.srcs/sources_1/new/Counter_4Bit.vhd" into library xil_defaultlib
INFO: [VRFC 10-307] analyzing entity Counter_4Bit
INFO: [VRFC 10-163] Analyzing VHDL file "C:/Users/oousterm/Documents/GitHub/CPE-233/CPE_233_Olive and Andrew/CPE_233_Olive and Andrew.srcs/sources_1/new/FSM_Exp1.vhd" into library xil_defaultlib
INFO: [VRFC 10-307] analyzing entity FSM_Exp1
INFO: [VRFC 10-163] Analyzing VHDL file "C:/Users/oousterm/Documents/GitHub/CPE-233/CPE_233_Olive and Andrew/CPE_233_Olive and Andrew.srcs/sources_1/new/MUX_2x1.vhd" into library xil_defaultlib
INFO: [VRFC 10-307] analyzing entity MUX_2x1
INFO: [VRFC 10-163] Analyzing VHDL file "C:/Users/oousterm/Documents/GitHub/CPE-233/CPE_233_Olive and Andrew/CPE_233_Olive and Andrew.srcs/sources_1/new/MUX_4x1.vhd" into library xil_defaultlib
INFO: [VRFC 10-307] analyzing entity MUX_4x1
INFO: [VRFC 10-163] Analyzing VHDL file "C:/Users/oousterm/Documents/GitHub/CPE-233/CPE_233_Olive and Andrew/CPE_233_Olive and Andrew.srcs/sources_1/new/RAM_16x8.vhd" into library xil_defaultlib
INFO: [VRFC 10-307] analyzing entity RAM_16x8
INFO: [VRFC 10-163] Analyzing VHDL file "C:/Users/oousterm/Documents/GitHub/CPE-233/CPE_233_Olive and Andrew/CPE_233_Olive and Andrew.srcs/sources_1/new/RCA_5Bit.vhd" into library xil_defaultlib
INFO: [VRFC 10-307] analyzing entity RCA_5Bit
INFO: [VRFC 10-163] Analyzing VHDL file "C:/Users/oousterm/Documents/GitHub/CPE-233/CPE_233_Olive and Andrew/CPE_233_Olive and Andrew.srcs/sources_1/new/ROM_Exp1.vhd" into library xil_defaultlib
INFO: [VRFC 10-307] analyzing entity ROM_Exp1
INFO: [VRFC 10-163] Analyzing VHDL file "C:/Users/oousterm/Documents/GitHub/CPE-233/CPE_233_Olive and Andrew/CPE_233_Olive and Andrew.srcs/sources_1/new/Register_8Bit.vhd" into library xil_defaultlib
INFO: [VRFC 10-307] analyzing entity Register_8Bit
INFO: [VRFC 10-163] Analyzing VHDL file "C:/Users/oousterm/Documents/GitHub/CPE-233/CPE_233_Olive and Andrew/CPE_233_Olive and Andrew.srcs/sources_1/new/clk_div_fs.vhd" into library xil_defaultlib
INFO: [VRFC 10-307] analyzing entity clk_div_fs
INFO: [VRFC 10-163] Analyzing VHDL file "C:/Users/oousterm/Documents/GitHub/CPE-233/CPE_233_Olive and Andrew/CPE_233_Olive and Andrew.srcs/sources_1/new/sseg_dec_uni.vhd" into library xil_defaultlib
INFO: [VRFC 10-307] analyzing entity sseg_dec_uni
INFO: [VRFC 10-307] analyzing entity bin2bcdconv
INFO: [VRFC 10-307] analyzing entity clk_div
INFO: [VRFC 10-163] Analyzing VHDL file "C:/Users/oousterm/Documents/GitHub/CPE-233/CPE_233_Olive and Andrew/CPE_233_Olive and Andrew.srcs/sources_1/new/Exp1_Main.vhd" into library xil_defaultlib
INFO: [VRFC 10-307] analyzing entity Exp1_Main
ERROR: [VRFC 10-1412] syntax error near RCO [C:/Users/oousterm/Documents/GitHub/CPE-233/CPE_233_Olive and Andrew/CPE_233_Olive and Andrew.srcs/sources_1/new/Exp1_Main.vhd:37]
ERROR: [VRFC 10-91] mux_2x1 is not declared [C:/Users/oousterm/Documents/GitHub/CPE-233/CPE_233_Olive and Andrew/CPE_233_Olive and Andrew.srcs/sources_1/new/Exp1_Main.vhd:152]
ERROR: [VRFC 10-91] comarator_gt is not declared [C:/Users/oousterm/Documents/GitHub/CPE-233/CPE_233_Olive and Andrew/CPE_233_Olive and Andrew.srcs/sources_1/new/Exp1_Main.vhd:187]
ERROR: [VRFC 10-1504] unit behavioral ignored due to previous errors [C:/Users/oousterm/Documents/GitHub/CPE-233/CPE_233_Olive and Andrew/CPE_233_Olive and Andrew.srcs/sources_1/new/Exp1_Main.vhd:15]
INFO: [VRFC 10-240] VHDL file C:/Users/oousterm/Documents/GitHub/CPE-233/CPE_233_Olive and Andrew/CPE_233_Olive and Andrew.srcs/sources_1/new/Exp1_Main.vhd ignored due to errors
