#-----------------------------------------------------------
# Vivado v2017.2 (64-bit)
# SW Build 1909853 on Thu Jun 15 18:39:09 MDT 2017
# IP Build 1909766 on Thu Jun 15 19:58:00 MDT 2017
# Start of session at: Fri Oct 27 11:16:18 2017
# Process ID: 13384
# Current directory: C:/Users/oousterm/Documents/GitHub/CPE-233/Exp_7
# Command line: vivado.exe -gui_launcher_event rodinguilauncherevent2220 C:\Users\oousterm\Documents\GitHub\CPE-233\Exp_7\Exp_7.xpr
# Log file: C:/Users/oousterm/Documents/GitHub/CPE-233/Exp_7/vivado.log
# Journal file: C:/Users/oousterm/Documents/GitHub/CPE-233/Exp_7\vivado.jou
#-----------------------------------------------------------
start_gui
open_project C:/Users/oousterm/Documents/GitHub/CPE-233/Exp_7/Exp_7.xpr
INFO: [Project 1-313] Project file moved from 'C:/Users/ooust/Desktop/Cal Poly/5.Fall 2017/CPE 233/CPE-233/Exp_7' since last save.
CRITICAL WARNING: [Project 1-311] Could not find the file 'C:/Users/oousterm/Downloads/ALU.vhd', nor could it be found using path 'C:/Users/ooust/Desktop/Cal Poly/Downloads/ALU.vhd'.
CRITICAL WARNING: [Project 1-311] Could not find the file 'C:/Users/oousterm/Desktop/prog_rom.vhd', nor could it be found using path 'C:/Users/ooust/Desktop/Cal Poly/Desktop/prog_rom.vhd'.
CRITICAL WARNING: [Project 1-19] Could not find the file 'D:/Downloads/drive-download-20171023T080615Z-001/ProgramCounter.vhd'.
CRITICAL WARNING: [Project 1-19] Could not find the file 'D:/Downloads/drive-download-20171023T080615Z-001/PC_MUX.vhd'.
CRITICAL WARNING: [Project 1-19] Could not find the file 'D:/Downloads/drive-download-20171023T080615Z-001/ProgCounter_Exp3.vhd'.
Scanning sources...
Finished scanning sources
CRITICAL WARNING: [Project 1-505] Unrecognized Option Name CompiledLibDirXcelium
CRITICAL WARNING: [Project 1-505] Unrecognized Option Name SimTypes
WARNING: [Project 1-231] Project 'Exp_7.xpr' was created with a future version and may or may not perform reliably with this version of Vivado. It has been opened in read-only mode for the protection of unrecognized data. Use 'File | Save Project As...' if you wish to alter a copy of the project.
INFO: [IP_Flow 19-234] Refreshing IP repositories
INFO: [IP_Flow 19-1704] No user IP repositories specified
INFO: [IP_Flow 19-2313] Loaded Vivado IP repository 'C:/Xilinx/Vivado/2017.2/data/ip'.
update_compile_order -fileset sources_1
exit
INFO: [Common 17-206] Exiting Vivado at Fri Oct 27 11:16:43 2017...
